This file contains any messages produced by compilers while
running configure, to aid debugging if configure makes a mistake.

It was created by FreeType configure 2.13.3, which was
generated by GNU Autoconf 2.72.  Invocation command line was

  $ ./configure --host=xtensa-esp32-elf --prefix=/home/turgu1/Dev/EPub-InkPlate/freetype-distrib/freetype-2.13.3/../../components/freetype --disable-shared --enable-static --with-png=no --with-zlib=no --with-bzip2=no --with-brotli=no --with-harfbuzz=no --with-librsvg=no --with-old-mac-fonts=no --with-fsspec=no --with-fsref=no --with-quickdraw-toolbox=no --with-quickdraw-carbon=no --with-ats=no 'CFLAGS=-mlongcalls -O2'

## --------- ##
## Platform. ##
## --------- ##

hostname = phobos
uname -m = x86_64
uname -r = 6.8.0-47-generic
uname -s = Linux
uname -v = #47-Ubuntu SMP PREEMPT_DYNAMIC Fri Sep 27 21:40:26 UTC 2024

/usr/bin/uname -p = x86_64
/bin/uname -X     = unknown

/bin/arch              = x86_64
/usr/bin/arch -k       = unknown
/usr/convex/getsysinfo = unknown
/usr/bin/hostinfo      = unknown
/bin/machine           = unknown
/usr/bin/oslevel       = unknown
/bin/universe          = unknown

PATH: /home/turgu1/esp/esp-idf/components/espcoredump/
PATH: /home/turgu1/esp/esp-idf/components/partition_table/
PATH: /home/turgu1/esp/esp-idf/components/app_update/
PATH: /home/turgu1/.espressif/tools/xtensa-esp-elf-gdb/14.2_20240403/xtensa-esp-elf-gdb/bin/
PATH: /home/turgu1/.espressif/tools/xtensa-esp-elf/esp-13.2.0_20240530/xtensa-esp-elf/bin/
PATH: /home/turgu1/.espressif/tools/riscv32-esp-elf/esp-13.2.0_20240530/riscv32-esp-elf/bin/
PATH: /home/turgu1/.espressif/tools/esp32ulp-elf/2.38_20240113/esp32ulp-elf/bin/
PATH: /home/turgu1/.espressif/tools/openocd-esp32/v0.12.0-esp32-20240318/openocd-esp32/bin/
PATH: /home/turgu1/.espressif/tools/xtensa-esp-elf-gdb/14.2_20240403/xtensa-esp-elf-gdb/bin/
PATH: /home/turgu1/.espressif/tools/xtensa-esp-elf/esp-13.2.0_20240530/xtensa-esp-elf/bin/
PATH: /home/turgu1/.espressif/tools/riscv32-esp-elf/esp-13.2.0_20240530/riscv32-esp-elf/bin/
PATH: /home/turgu1/.espressif/tools/esp32ulp-elf/2.38_20240113/esp32ulp-elf/bin/
PATH: /home/turgu1/.espressif/tools/openocd-esp32/v0.12.0-esp32-20240318/openocd-esp32/bin/
PATH: /home/turgu1/.espressif/python_env/idf5.3_py3.12_env/bin/
PATH: /home/turgu1/esp/esp-idf/tools/
PATH: /usr/local/sbin/
PATH: /usr/local/bin/
PATH: /usr/sbin/
PATH: /usr/bin/
PATH: /sbin/
PATH: /bin/
PATH: /usr/games/
PATH: /usr/local/games/
PATH: /snap/bin/


## ----------- ##
## Core tests. ##
## ----------- ##

configure:2604: looking for aux files: install-sh ltmain.sh config.guess config.sub
configure:2617:  trying ./
configure:2628:   ./install-sh found
configure:2646:   ./ltmain.sh found
configure:2646:   ./config.guess found
configure:2646:   ./config.sub found
configure:2778: checking build system type
configure:2794: result: x86_64-pc-linux-gnu
configure:2814: checking host system type
configure:2829: result: xtensa-esp32-elf
configure:2870: checking for xtensa-esp32-elf-gcc
configure:2891: found /home/turgu1/.espressif/tools/xtensa-esp-elf/esp-13.2.0_20240530/xtensa-esp-elf/bin/xtensa-esp32-elf-gcc
configure:2903: result: xtensa-esp32-elf-gcc
configure:3308: checking for C compiler version
configure:3317: xtensa-esp32-elf-gcc --version >&5
xtensa-esp-elf-gcc (crosstool-NG esp-13.2.0_20240530) 13.2.0
Copyright (C) 2023 Free Software Foundation, Inc.
This is free software; see the source for copying conditions.  There is NO
warranty; not even for MERCHANTABILITY or FITNESS FOR A PARTICULAR PURPOSE.

configure:3328: $? = 0
configure:3317: xtensa-esp32-elf-gcc -v >&5
Using built-in specs.
COLLECT_GCC=/home/turgu1/.espressif/tools/xtensa-esp-elf/esp-13.2.0_20240530/xtensa-esp-elf/bin/xtensa-esp-elf-gcc
COLLECT_LTO_WRAPPER=/home/turgu1/.espressif/tools/xtensa-esp-elf/esp-13.2.0_20240530/xtensa-esp-elf/bin/../libexec/gcc/xtensa-esp-elf/13.2.0/lto-wrapper
Target: xtensa-esp-elf
Configured with: /builds/idf/crosstool-NG/.build/xtensa-esp-elf/src/gcc/configure --build=x86_64-build_pc-linux-gnu --host=x86_64-build_pc-linux-gnu --target=xtensa-esp-elf --prefix=/builds/idf/crosstool-NG/builds/xtensa-esp-elf --exec_prefix=/builds/idf/crosstool-NG/builds/xtensa-esp-elf --with-local-prefix=/builds/idf/crosstool-NG/builds/xtensa-esp-elf/xtensa-esp-elf --with-sysroot=/builds/idf/crosstool-NG/builds/xtensa-esp-elf/xtensa-esp-elf --with-native-system-header-dir=/include --with-newlib --enable-threads=no --disable-shared --with-pkgversion='crosstool-NG esp-13.2.0_20240530' --disable-__cxa_atexit --enable-cxx-flags=-ffunction-sections --disable-libgomp --disable-libmudflap --disable-libmpx --disable-libssp --disable-libquadmath --disable-libquadmath-support --disable-libstdcxx-verbose --with-gmp=/builds/idf/crosstool-NG/.build/xtensa-esp-elf/buildtools --with-mpfr=/builds/idf/crosstool-NG/.build/xtensa-esp-elf/buildtools --with-mpc=/builds/idf/crosstool-NG/.build/xtensa-esp-elf/buildtools --with-isl=/builds/idf/crosstool-NG/.build/xtensa-esp-elf/buildtools --enable-lto --enable-target-optspace --without-long-double-128 --disable-nls --enable-multiarch --enable-languages=c,c++ --disable-libstdcxx-verbose --enable-threads=posix --enable-gcov-custom-rtio --enable-libstdcxx-time=yes
Thread model: posix
Supported LTO compression algorithms: zlib zstd
gcc version 13.2.0 (crosstool-NG esp-13.2.0_20240530) 
configure:3328: $? = 0
configure:3317: xtensa-esp32-elf-gcc -V >&5
xtensa-esp-elf-gcc: error: unrecognized command-line option '-V'
xtensa-esp-elf-gcc: fatal error: no input files
compilation terminated.
configure:3328: $? = 1
configure:3317: xtensa-esp32-elf-gcc -qversion >&5
xtensa-esp-elf-gcc: error: unrecognized command-line option '-qversion'; did you mean '--version'?
xtensa-esp-elf-gcc: fatal error: no input files
compilation terminated.
configure:3328: $? = 1
configure:3317: xtensa-esp32-elf-gcc -version >&5
xtensa-esp-elf-gcc: error: unrecognized command-line option '-version'
xtensa-esp-elf-gcc: fatal error: no input files
compilation terminated.
configure:3328: $? = 1
configure:3348: checking whether the C compiler works
configure:3370: xtensa-esp32-elf-gcc -mlongcalls -O2   conftest.c  >&5
configure:3374: $? = 0
configure:3425: result: yes
configure:3429: checking for C compiler default output file name
configure:3431: result: a.out
configure:3437: checking for suffix of executables
configure:3444: xtensa-esp32-elf-gcc -o conftest -mlongcalls -O2   conftest.c  >&5
configure:3448: $? = 0
configure:3472: result: 
configure:3496: checking whether we are cross compiling
configure:3504: xtensa-esp32-elf-gcc -o conftest -mlongcalls -O2   conftest.c  >&5
/home/turgu1/.espressif/tools/xtensa-esp-elf/esp-13.2.0_20240530/xtensa-esp-elf/bin/../lib/gcc/xtensa-esp-elf/13.2.0/../../../../xtensa-esp-elf/bin/ld: /home/turgu1/.espressif/tools/xtensa-esp-elf/esp-13.2.0_20240530/xtensa-esp-elf/bin/../lib/gcc/xtensa-esp-elf/13.2.0/../../../../xtensa-esp-elf/lib/esp32/libc.a(libc_a-closer.o):(.literal+0x4): warning: _close is not implemented and will always fail
/home/turgu1/.espressif/tools/xtensa-esp-elf/esp-13.2.0_20240530/xtensa-esp-elf/bin/../lib/gcc/xtensa-esp-elf/13.2.0/../../../../xtensa-esp-elf/bin/ld: /home/turgu1/.espressif/tools/xtensa-esp-elf/esp-13.2.0_20240530/xtensa-esp-elf/bin/../lib/gcc/xtensa-esp-elf/13.2.0/../../../../xtensa-esp-elf/lib/esp32/libc.a(libc_a-fstatr.o):(.literal+0x4): warning: _fstat is not implemented and will always fail
/home/turgu1/.espressif/tools/xtensa-esp-elf/esp-13.2.0_20240530/xtensa-esp-elf/bin/../lib/gcc/xtensa-esp-elf/13.2.0/../../../../xtensa-esp-elf/bin/ld: /home/turgu1/.espressif/tools/xtensa-esp-elf/esp-13.2.0_20240530/xtensa-esp-elf/bin/../lib/gcc/xtensa-esp-elf/13.2.0/../../../../xtensa-esp-elf/lib/esp32/libc.a(libc_a-lseekr.o):(.literal+0x4): warning: _lseek is not implemented and will always fail
/home/turgu1/.espressif/tools/xtensa-esp-elf/esp-13.2.0_20240530/xtensa-esp-elf/bin/../lib/gcc/xtensa-esp-elf/13.2.0/../../../../xtensa-esp-elf/bin/ld: /home/turgu1/.espressif/tools/xtensa-esp-elf/esp-13.2.0_20240530/xtensa-esp-elf/bin/../lib/gcc/xtensa-esp-elf/13.2.0/../../../../xtensa-esp-elf/lib/esp32/libc.a(libc_a-openr.o):(.literal+0x4): warning: _open is not implemented and will always fail
/home/turgu1/.espressif/tools/xtensa-esp-elf/esp-13.2.0_20240530/xtensa-esp-elf/bin/../lib/gcc/xtensa-esp-elf/13.2.0/../../../../xtensa-esp-elf/bin/ld: /home/turgu1/.espressif/tools/xtensa-esp-elf/esp-13.2.0_20240530/xtensa-esp-elf/bin/../lib/gcc/xtensa-esp-elf/13.2.0/../../../../xtensa-esp-elf/lib/esp32/libc.a(libc_a-readr.o):(.literal+0x4): warning: _read is not implemented and will always fail
/home/turgu1/.espressif/tools/xtensa-esp-elf/esp-13.2.0_20240530/xtensa-esp-elf/bin/../lib/gcc/xtensa-esp-elf/13.2.0/../../../../xtensa-esp-elf/bin/ld: /home/turgu1/.espressif/tools/xtensa-esp-elf/esp-13.2.0_20240530/xtensa-esp-elf/bin/../lib/gcc/xtensa-esp-elf/13.2.0/../../../../xtensa-esp-elf/lib/esp32/libc.a(libc_a-writer.o):(.literal+0x4): warning: _write is not implemented and will always fail
/home/turgu1/.espressif/tools/xtensa-esp-elf/esp-13.2.0_20240530/xtensa-esp-elf/bin/../lib/gcc/xtensa-esp-elf/13.2.0/../../../../xtensa-esp-elf/bin/ld: /home/turgu1/.espressif/tools/xtensa-esp-elf/esp-13.2.0_20240530/xtensa-esp-elf/bin/../lib/gcc/xtensa-esp-elf/13.2.0/../../../../xtensa-esp-elf/lib/esp32/libc.a(libc_a-fclose.o):(.literal+0x2c): warning: __getreent is not implemented and will always fail
configure:3508: $? = 0
configure:3515: ./conftest
./configure: line 3517: ./conftest: cannot execute binary file: Exec format error
configure:3519: $? = 126
configure:3534: result: yes
configure:3540: checking for suffix of object files
configure:3563: xtensa-esp32-elf-gcc -c -mlongcalls -O2  conftest.c >&5
configure:3567: $? = 0
configure:3591: result: o
configure:3595: checking whether the compiler supports GNU C
configure:3615: xtensa-esp32-elf-gcc -c -mlongcalls -O2  conftest.c >&5
configure:3615: $? = 0
configure:3627: result: yes
configure:3638: checking whether xtensa-esp32-elf-gcc accepts -g
configure:3659: xtensa-esp32-elf-gcc -c -g  conftest.c >&5
configure:3659: $? = 0
configure:3706: result: yes
configure:3726: checking for xtensa-esp32-elf-gcc option to enable C11 features
configure:3741: xtensa-esp32-elf-gcc  -c -mlongcalls -O2  conftest.c >&5
configure:3741: $? = 0
configure:3760: result: none needed
configure:3883: checking how to run the C preprocessor
configure:3909: xtensa-esp32-elf-gcc -E  conftest.c
configure:3909: $? = 0
configure:3925: xtensa-esp32-elf-gcc -E  conftest.c
conftest.c:9:10: fatal error: ac_nonexistent.h: No such file or directory
    9 | #include <ac_nonexistent.h>
      |          ^~~~~~~~~~~~~~~~~~
compilation terminated.
configure:3925: $? = 1
configure: failed program was:
| /* confdefs.h */
| #define PACKAGE_NAME "FreeType"
| #define PACKAGE_TARNAME "freetype"
| #define PACKAGE_VERSION "2.13.3"
| #define PACKAGE_STRING "FreeType 2.13.3"
| #define PACKAGE_BUGREPORT "freetype@nongnu.org"
| #define PACKAGE_URL ""
| /* end confdefs.h.  */
| #include <ac_nonexistent.h>
configure:3954: result: xtensa-esp32-elf-gcc -E
configure:3968: xtensa-esp32-elf-gcc -E  conftest.c
configure:3968: $? = 0
configure:3984: xtensa-esp32-elf-gcc -E  conftest.c
conftest.c:9:10: fatal error: ac_nonexistent.h: No such file or directory
    9 | #include <ac_nonexistent.h>
      |          ^~~~~~~~~~~~~~~~~~
compilation terminated.
configure:3984: $? = 1
configure: failed program was:
| /* confdefs.h */
| #define PACKAGE_NAME "FreeType"
| #define PACKAGE_TARNAME "freetype"
| #define PACKAGE_VERSION "2.13.3"
| #define PACKAGE_STRING "FreeType 2.13.3"
| #define PACKAGE_BUGREPORT "freetype@nongnu.org"
| #define PACKAGE_URL ""
| /* end confdefs.h.  */
| #include <ac_nonexistent.h>
configure:4029: checking for xtensa-esp32-elf-pkg-config
configure:4068: result: no
configure:4078: checking for pkg-config
configure:4101: found /usr/bin/pkg-config
configure:4114: result: /usr/bin/pkg-config
configure:4126: WARNING: using cross tools not prefixed with host triplet
configure:4139: checking pkg-config is at least version 0.24
configure:4142: result: yes
configure:4199: checking how to print strings
configure:4226: result: printf
configure:4247: checking for a sed that does not truncate output
configure:4319: result: /usr/bin/sed
configure:4337: checking for grep that handles long lines and -e
configure:4403: result: /usr/bin/grep
configure:4408: checking for egrep
configure:4478: result: /usr/bin/grep -E
configure:4485: checking for fgrep
configure:4555: result: /usr/bin/grep -F
configure:4592: checking for ld used by xtensa-esp32-elf-gcc
configure:4661: result: /home/turgu1/.espressif/tools/xtensa-esp-elf/esp-13.2.0_20240530/xtensa-esp-elf/xtensa-esp-elf/bin/ld
configure:4668: checking if the linker (/home/turgu1/.espressif/tools/xtensa-esp-elf/esp-13.2.0_20240530/xtensa-esp-elf/xtensa-esp-elf/bin/ld) is GNU ld
configure:4685: result: yes
configure:4697: checking for BSD- or MS-compatible name lister (nm)
configure:4753: result: /home/turgu1/.espressif/tools/xtensa-esp-elf/esp-13.2.0_20240530/xtensa-esp-elf/bin/xtensa-esp32-elf-nm -B
configure:4895: checking the name lister (/home/turgu1/.espressif/tools/xtensa-esp-elf/esp-13.2.0_20240530/xtensa-esp-elf/bin/xtensa-esp32-elf-nm -B) interface
configure:4903: xtensa-esp32-elf-gcc -c -mlongcalls -O2  conftest.c >&5
configure:4906: /home/turgu1/.espressif/tools/xtensa-esp-elf/esp-13.2.0_20240530/xtensa-esp-elf/bin/xtensa-esp32-elf-nm -B "conftest.o"
configure:4909: output
00000000 B some_variable
configure:4917: result: BSD nm
configure:4920: checking whether ln -s works
configure:4924: result: yes
configure:4932: checking the maximum length of command line arguments
configure:5065: result: 1572864
configure:5113: checking how to convert x86_64-pc-linux-gnu file names to xtensa-esp32-elf format
configure:5155: result: func_convert_file_noop
configure:5162: checking how to convert x86_64-pc-linux-gnu file names to toolchain format
configure:5184: result: func_convert_file_noop
configure:5191: checking for /home/turgu1/.espressif/tools/xtensa-esp-elf/esp-13.2.0_20240530/xtensa-esp-elf/xtensa-esp-elf/bin/ld option to reload object files
configure:5200: result: -r
configure:5234: checking for xtensa-esp32-elf-file
configure:5270: result: no
configure:5280: checking for file
configure:5301: found /usr/bin/file
configure:5313: result: file
configure:5344: checking for xtensa-esp32-elf-objdump
configure:5365: found /home/turgu1/.espressif/tools/xtensa-esp-elf/esp-13.2.0_20240530/xtensa-esp-elf/bin/xtensa-esp32-elf-objdump
configure:5377: result: xtensa-esp32-elf-objdump
configure:5452: checking how to recognize dependent libraries
configure:5654: result: unknown
configure:5699: checking for xtensa-esp32-elf-dlltool
configure:5735: result: no
configure:5745: checking for dlltool
configure:5781: result: no
configure:5808: checking how to associate runtime and link libraries
configure:5837: result: printf %s\n
configure:5854: checking for xtensa-esp32-elf-ar
configure:5875: found /home/turgu1/.espressif/tools/xtensa-esp-elf/esp-13.2.0_20240530/xtensa-esp-elf/bin/xtensa-esp32-elf-ar
configure:5887: result: xtensa-esp32-elf-ar
configure:5990: checking for archiver @FILE support
configure:6008: xtensa-esp32-elf-gcc -c -mlongcalls -O2  conftest.c >&5
configure:6008: $? = 0
configure:6012: xtensa-esp32-elf-ar cr libconftest.a @conftest.lst >&5
configure:6015: $? = 0
configure:6020: xtensa-esp32-elf-ar cr libconftest.a @conftest.lst >&5
/home/turgu1/.espressif/tools/xtensa-esp-elf/esp-13.2.0_20240530/xtensa-esp-elf/bin/xtensa-esp-elf-ar: conftest.o: No such file or directory
configure:6023: $? = 1
configure:6036: result: @
configure:6054: checking for xtensa-esp32-elf-strip
configure:6075: found /home/turgu1/.espressif/tools/xtensa-esp-elf/esp-13.2.0_20240530/xtensa-esp-elf/bin/xtensa-esp32-elf-strip
configure:6087: result: xtensa-esp32-elf-strip
configure:6165: checking for xtensa-esp32-elf-ranlib
configure:6186: found /home/turgu1/.espressif/tools/xtensa-esp-elf/esp-13.2.0_20240530/xtensa-esp-elf/bin/xtensa-esp32-elf-ranlib
configure:6198: result: xtensa-esp32-elf-ranlib
configure:6321: checking for gawk
configure:6357: result: no
configure:6321: checking for mawk
configure:6342: found /usr/bin/mawk
configure:6354: result: mawk
configure:6394: checking command to parse /home/turgu1/.espressif/tools/xtensa-esp-elf/esp-13.2.0_20240530/xtensa-esp-elf/bin/xtensa-esp32-elf-nm -B output from xtensa-esp32-elf-gcc object
configure:6548: xtensa-esp32-elf-gcc -c -mlongcalls -O2  conftest.c >&5
configure:6551: $? = 0
configure:6555: /home/turgu1/.espressif/tools/xtensa-esp-elf/esp-13.2.0_20240530/xtensa-esp-elf/bin/xtensa-esp32-elf-nm -B conftest.o \| /usr/bin/sed -n -e 's/^.*[ ]\([ABCDGIRSTW][ABCDGIRSTW]*\)[ ][ ]*\([_A-Za-z][_A-Za-z0-9]*\)$/\1 \2 \2/p' | /usr/bin/sed '/ __gnu_lto/d' \> conftest.nm
configure:6558: $? = 0
configure:6624: xtensa-esp32-elf-gcc -o conftest -mlongcalls -O2   conftest.c conftstm.o >&5
configure:6627: $? = 0
configure:6666: result: ok
configure:6713: checking for sysroot
configure:6745: result: no
configure:6752: checking for a working dd
configure:6797: result: /usr/bin/dd
configure:6801: checking how to truncate binary pipes
configure:6818: result: /usr/bin/dd bs=4096 count=1
configure:7112: checking for xtensa-esp32-elf-mt
configure:7148: result: no
configure:7158: checking for mt
configure:7179: found /usr/bin/mt
configure:7191: result: mt
configure:7214: checking if mt is a manifest tool
configure:7221: mt '-?'
configure:7230: result: no
configure:7969: checking for stdio.h
configure:7969: xtensa-esp32-elf-gcc -c -mlongcalls -O2  conftest.c >&5
configure:7969: $? = 0
configure:7969: result: yes
configure:7969: checking for stdlib.h
configure:7969: xtensa-esp32-elf-gcc -c -mlongcalls -O2  conftest.c >&5
configure:7969: $? = 0
configure:7969: result: yes
configure:7969: checking for string.h
configure:7969: xtensa-esp32-elf-gcc -c -mlongcalls -O2  conftest.c >&5
configure:7969: $? = 0
configure:7969: result: yes
configure:7969: checking for inttypes.h
configure:7969: xtensa-esp32-elf-gcc -c -mlongcalls -O2  conftest.c >&5
configure:7969: $? = 0
configure:7969: result: yes
configure:7969: checking for stdint.h
configure:7969: xtensa-esp32-elf-gcc -c -mlongcalls -O2  conftest.c >&5
configure:7969: $? = 0
configure:7969: result: yes
configure:7969: checking for strings.h
configure:7969: xtensa-esp32-elf-gcc -c -mlongcalls -O2  conftest.c >&5
configure:7969: $? = 0
configure:7969: result: yes
configure:7969: checking for sys/stat.h
configure:7969: xtensa-esp32-elf-gcc -c -mlongcalls -O2  conftest.c >&5
configure:7969: $? = 0
configure:7969: result: yes
configure:7969: checking for sys/types.h
configure:7969: xtensa-esp32-elf-gcc -c -mlongcalls -O2  conftest.c >&5
configure:7969: $? = 0
configure:7969: result: yes
configure:7969: checking for unistd.h
configure:7969: xtensa-esp32-elf-gcc -c -mlongcalls -O2  conftest.c >&5
configure:7969: $? = 0
configure:7969: result: yes
configure:7969: checking for sys/param.h
configure:7969: xtensa-esp32-elf-gcc -c -mlongcalls -O2  conftest.c >&5
configure:7969: $? = 0
configure:7969: result: yes
configure:7994: checking for dlfcn.h
configure:7994: xtensa-esp32-elf-gcc -c -mlongcalls -O2  conftest.c >&5
conftest.c:49:10: fatal error: dlfcn.h: No such file or directory
   49 | #include <dlfcn.h>
      |          ^~~~~~~~~
compilation terminated.
configure:7994: $? = 1
configure: failed program was:
| /* confdefs.h */
| #define PACKAGE_NAME "FreeType"
| #define PACKAGE_TARNAME "freetype"
| #define PACKAGE_VERSION "2.13.3"
| #define PACKAGE_STRING "FreeType 2.13.3"
| #define PACKAGE_BUGREPORT "freetype@nongnu.org"
| #define PACKAGE_URL ""
| #define HAVE_STDIO_H 1
| #define HAVE_STDLIB_H 1
| #define HAVE_STRING_H 1
| #define HAVE_INTTYPES_H 1
| #define HAVE_STDINT_H 1
| #define HAVE_STRINGS_H 1
| #define HAVE_SYS_STAT_H 1
| #define HAVE_SYS_TYPES_H 1
| #define HAVE_UNISTD_H 1
| #define HAVE_SYS_PARAM_H 1
| #define STDC_HEADERS 1
| /* end confdefs.h.  */
| #include <stddef.h>
| #ifdef HAVE_STDIO_H
| # include <stdio.h>
| #endif
| #ifdef HAVE_STDLIB_H
| # include <stdlib.h>
| #endif
| #ifdef HAVE_STRING_H
| # include <string.h>
| #endif
| #ifdef HAVE_INTTYPES_H
| # include <inttypes.h>
| #endif
| #ifdef HAVE_STDINT_H
| # include <stdint.h>
| #endif
| #ifdef HAVE_STRINGS_H
| # include <strings.h>
| #endif
| #ifdef HAVE_SYS_TYPES_H
| # include <sys/types.h>
| #endif
| #ifdef HAVE_SYS_STAT_H
| # include <sys/stat.h>
| #endif
| #ifdef HAVE_UNISTD_H
| # include <unistd.h>
| #endif
| 
| #include <dlfcn.h>
configure:7994: result: no
configure:8593: checking for objdir
configure:8610: result: .libs
configure:8872: checking if xtensa-esp32-elf-gcc supports -fno-rtti -fno-exceptions
configure:8891: xtensa-esp32-elf-gcc -c -mlongcalls -O2  -fno-rtti -fno-exceptions conftest.c >&5
cc1: warning: command-line option '-fno-rtti' is valid for C++/D/ObjC++ but not for C
configure:8895: $? = 0
configure:8909: result: no
configure:9267: checking for xtensa-esp32-elf-gcc option to produce PIC
configure:9276: result: -fPIC -DPIC
configure:9284: checking if xtensa-esp32-elf-gcc PIC flag -fPIC -DPIC works
configure:9303: xtensa-esp32-elf-gcc -c -mlongcalls -O2  -fPIC -DPIC -DPIC conftest.c >&5
configure:9307: $? = 0
configure:9321: result: yes
configure:9350: checking if xtensa-esp32-elf-gcc static flag -static works
configure:9380: result: yes
configure:9395: checking if xtensa-esp32-elf-gcc supports -c -o file.o
configure:9417: xtensa-esp32-elf-gcc -c -mlongcalls -O2  -o out/conftest2.o conftest.c >&5
configure:9421: $? = 0
configure:9444: result: yes
configure:9452: checking if xtensa-esp32-elf-gcc supports -c -o file.o
configure:9501: result: yes
configure:9534: checking whether the xtensa-esp32-elf-gcc linker (/home/turgu1/.espressif/tools/xtensa-esp-elf/esp-13.2.0_20240530/xtensa-esp-elf/xtensa-esp-elf/bin/ld) supports shared libraries
configure:10807: result: yes
configure:11049: checking dynamic linker characteristics
configure:11871: result: no
configure:11993: checking how to hardcode library paths into programs
configure:12018: result: immediate
configure:12618: checking whether stripping libraries is possible
configure:12627: result: yes
configure:12669: checking if libtool supports shared libraries
configure:12671: result: no
configure:12674: checking whether to build shared libraries
configure:12699: result: no
configure:12702: checking whether to build static libraries
configure:12706: result: yes
configure:12743: checking for windows.h
configure:12743: xtensa-esp32-elf-gcc -c -mlongcalls -O2  conftest.c >&5
conftest.c:49:10: fatal error: windows.h: No such file or directory
   49 | #include <windows.h>
      |          ^~~~~~~~~~~
compilation terminated.
configure:12743: $? = 1
configure: failed program was:
| /* confdefs.h */
| #define PACKAGE_NAME "FreeType"
| #define PACKAGE_TARNAME "freetype"
| #define PACKAGE_VERSION "2.13.3"
| #define PACKAGE_STRING "FreeType 2.13.3"
| #define PACKAGE_BUGREPORT "freetype@nongnu.org"
| #define PACKAGE_URL ""
| #define HAVE_STDIO_H 1
| #define HAVE_STDLIB_H 1
| #define HAVE_STRING_H 1
| #define HAVE_INTTYPES_H 1
| #define HAVE_STDINT_H 1
| #define HAVE_STRINGS_H 1
| #define HAVE_SYS_STAT_H 1
| #define HAVE_SYS_TYPES_H 1
| #define HAVE_UNISTD_H 1
| #define HAVE_SYS_PARAM_H 1
| #define STDC_HEADERS 1
| #define LT_OBJDIR ".libs/"
| /* end confdefs.h.  */
| #include <stddef.h>
| #ifdef HAVE_STDIO_H
| # include <stdio.h>
| #endif
| #ifdef HAVE_STDLIB_H
| # include <stdlib.h>
| #endif
| #ifdef HAVE_STRING_H
| # include <string.h>
| #endif
| #ifdef HAVE_INTTYPES_H
| # include <inttypes.h>
| #endif
| #ifdef HAVE_STDINT_H
| # include <stdint.h>
| #endif
| #ifdef HAVE_STRINGS_H
| # include <strings.h>
| #endif
| #ifdef HAVE_SYS_TYPES_H
| # include <sys/types.h>
| #endif
| #ifdef HAVE_SYS_STAT_H
| # include <sys/stat.h>
| #endif
| #ifdef HAVE_UNISTD_H
| # include <unistd.h>
| #endif
| #include <windows.h>
configure:12743: result: no
configure:12936: checking for x86_64-pc-linux-gnu-gcc
configure:12972: result: no
configure:12979: checking for gcc
configure:13000: found /usr/bin/gcc
configure:13012: result: gcc
configure:13022: checking for gcc
configure:13072: result: gcc
configure:13082: checking for suffix of native executables
configure:13096: result: 
configure:13127: checking for a BSD-compatible install
configure:13201: result: /usr/bin/install -c
configure:13221: checking for a race-free mkdir -p
configure:13264: result: /usr/bin/mkdir -p
configure:13278: checking for fcntl.h
configure:13278: xtensa-esp32-elf-gcc -c -mlongcalls -O2  conftest.c >&5
configure:13278: $? = 0
configure:13278: result: yes
configure:13284: checking for unistd.h
configure:13284: result: yes
configure:13295: checking for an ANSI C-conforming const
configure:13362: xtensa-esp32-elf-gcc -c -mlongcalls -O2  conftest.c >&5
configure:13362: $? = 0
configure:13372: result: yes
configure:13407: checking for xtensa-esp32-elf-gcc option to enable large file support
configure:13442: xtensa-esp32-elf-gcc -c -mlongcalls -O2  conftest.c >&5
conftest.c:31:39: warning: result of '-2147483648 << 31' requires 63 bits to represent, but 'long int' only has 32 bits [-Wshift-overflow=]
   31 | #define LARGE_FTYPE (((FTYPE) 1 << 31 << 31) - 1 + ((FTYPE) 1 << 31 << 31))
      |                                       ^~
conftest.c:32:23: note: in expansion of macro 'LARGE_FTYPE'
   32 |   int FTYPE_is_large[(LARGE_FTYPE % 2147483629 == 721
      |                       ^~~~~~~~~~~
conftest.c:31:69: warning: result of '-2147483648 << 31' requires 63 bits to represent, but 'long int' only has 32 bits [-Wshift-overflow=]
   31 | #define LARGE_FTYPE (((FTYPE) 1 << 31 << 31) - 1 + ((FTYPE) 1 << 31 << 31))
      |                                                                     ^~
conftest.c:32:23: note: in expansion of macro 'LARGE_FTYPE'
   32 |   int FTYPE_is_large[(LARGE_FTYPE % 2147483629 == 721
      |                       ^~~~~~~~~~~
conftest.c:31:39: warning: result of '-2147483648 << 31' requires 63 bits to represent, but 'long int' only has 32 bits [-Wshift-overflow=]
   31 | #define LARGE_FTYPE (((FTYPE) 1 << 31 << 31) - 1 + ((FTYPE) 1 << 31 << 31))
      |                                       ^~
conftest.c:33:27: note: in expansion of macro 'LARGE_FTYPE'
   33 |                        && LARGE_FTYPE % 2147483647 == 1)
      |                           ^~~~~~~~~~~
conftest.c:31:69: warning: result of '-2147483648 << 31' requires 63 bits to represent, but 'long int' only has 32 bits [-Wshift-overflow=]
   31 | #define LARGE_FTYPE (((FTYPE) 1 << 31 << 31) - 1 + ((FTYPE) 1 << 31 << 31))
      |                                                                     ^~
conftest.c:33:27: note: in expansion of macro 'LARGE_FTYPE'
   33 |                        && LARGE_FTYPE % 2147483647 == 1)
      |                           ^~~~~~~~~~~
conftest.c:32:7: error: variably modified 'FTYPE_is_large' at file scope
   32 |   int FTYPE_is_large[(LARGE_FTYPE % 2147483629 == 721
      |       ^~~~~~~~~~~~~~
configure:13442: $? = 1
configure: failed program was:
| /* confdefs.h */
| #define PACKAGE_NAME "FreeType"
| #define PACKAGE_TARNAME "freetype"
| #define PACKAGE_VERSION "2.13.3"
| #define PACKAGE_STRING "FreeType 2.13.3"
| #define PACKAGE_BUGREPORT "freetype@nongnu.org"
| #define PACKAGE_URL ""
| #define HAVE_STDIO_H 1
| #define HAVE_STDLIB_H 1
| #define HAVE_STRING_H 1
| #define HAVE_INTTYPES_H 1
| #define HAVE_STDINT_H 1
| #define HAVE_STRINGS_H 1
| #define HAVE_SYS_STAT_H 1
| #define HAVE_SYS_TYPES_H 1
| #define HAVE_UNISTD_H 1
| #define HAVE_SYS_PARAM_H 1
| #define STDC_HEADERS 1
| #define LT_OBJDIR ".libs/"
| #define HAVE_FCNTL_H 1
| #define HAVE_UNISTD_H 1
| /* end confdefs.h.  */
| #include <sys/types.h>
| #ifndef FTYPE
| # define FTYPE off_t
| #endif
|  /* Check that FTYPE can represent 2**63 - 1 correctly.
|     We can't simply define LARGE_FTYPE to be 9223372036854775807,
|     since some C++ compilers masquerading as C compilers
|     incorrectly reject 9223372036854775807.  */
| #define LARGE_FTYPE (((FTYPE) 1 << 31 << 31) - 1 + ((FTYPE) 1 << 31 << 31))
|   int FTYPE_is_large[(LARGE_FTYPE % 2147483629 == 721
| 		       && LARGE_FTYPE % 2147483647 == 1)
| 		      ? 1 : -1];
| int
| main (void)
| {
| 
|   ;
|   return 0;
| }
configure:13442: xtensa-esp32-elf-gcc -D_FILE_OFFSET_BITS=64 -c -mlongcalls -O2  conftest.c >&5
conftest.c:31:39: warning: result of '-2147483648 << 31' requires 63 bits to represent, but 'long int' only has 32 bits [-Wshift-overflow=]
   31 | #define LARGE_FTYPE (((FTYPE) 1 << 31 << 31) - 1 + ((FTYPE) 1 << 31 << 31))
      |                                       ^~
conftest.c:32:23: note: in expansion of macro 'LARGE_FTYPE'
   32 |   int FTYPE_is_large[(LARGE_FTYPE % 2147483629 == 721
      |                       ^~~~~~~~~~~
conftest.c:31:69: warning: result of '-2147483648 << 31' requires 63 bits to represent, but 'long int' only has 32 bits [-Wshift-overflow=]
   31 | #define LARGE_FTYPE (((FTYPE) 1 << 31 << 31) - 1 + ((FTYPE) 1 << 31 << 31))
      |                                                                     ^~
conftest.c:32:23: note: in expansion of macro 'LARGE_FTYPE'
   32 |   int FTYPE_is_large[(LARGE_FTYPE % 2147483629 == 721
      |                       ^~~~~~~~~~~
conftest.c:31:39: warning: result of '-2147483648 << 31' requires 63 bits to represent, but 'long int' only has 32 bits [-Wshift-overflow=]
   31 | #define LARGE_FTYPE (((FTYPE) 1 << 31 << 31) - 1 + ((FTYPE) 1 << 31 << 31))
      |                                       ^~
conftest.c:33:27: note: in expansion of macro 'LARGE_FTYPE'
   33 |                        && LARGE_FTYPE % 2147483647 == 1)
      |                           ^~~~~~~~~~~
conftest.c:31:69: warning: result of '-2147483648 << 31' requires 63 bits to represent, but 'long int' only has 32 bits [-Wshift-overflow=]
   31 | #define LARGE_FTYPE (((FTYPE) 1 << 31 << 31) - 1 + ((FTYPE) 1 << 31 << 31))
      |                                                                     ^~
conftest.c:33:27: note: in expansion of macro 'LARGE_FTYPE'
   33 |                        && LARGE_FTYPE % 2147483647 == 1)
      |                           ^~~~~~~~~~~
conftest.c:32:7: error: variably modified 'FTYPE_is_large' at file scope
   32 |   int FTYPE_is_large[(LARGE_FTYPE % 2147483629 == 721
      |       ^~~~~~~~~~~~~~
configure:13442: $? = 1
configure: failed program was:
| /* confdefs.h */
| #define PACKAGE_NAME "FreeType"
| #define PACKAGE_TARNAME "freetype"
| #define PACKAGE_VERSION "2.13.3"
| #define PACKAGE_STRING "FreeType 2.13.3"
| #define PACKAGE_BUGREPORT "freetype@nongnu.org"
| #define PACKAGE_URL ""
| #define HAVE_STDIO_H 1
| #define HAVE_STDLIB_H 1
| #define HAVE_STRING_H 1
| #define HAVE_INTTYPES_H 1
| #define HAVE_STDINT_H 1
| #define HAVE_STRINGS_H 1
| #define HAVE_SYS_STAT_H 1
| #define HAVE_SYS_TYPES_H 1
| #define HAVE_UNISTD_H 1
| #define HAVE_SYS_PARAM_H 1
| #define STDC_HEADERS 1
| #define LT_OBJDIR ".libs/"
| #define HAVE_FCNTL_H 1
| #define HAVE_UNISTD_H 1
| /* end confdefs.h.  */
| #include <sys/types.h>
| #ifndef FTYPE
| # define FTYPE off_t
| #endif
|  /* Check that FTYPE can represent 2**63 - 1 correctly.
|     We can't simply define LARGE_FTYPE to be 9223372036854775807,
|     since some C++ compilers masquerading as C compilers
|     incorrectly reject 9223372036854775807.  */
| #define LARGE_FTYPE (((FTYPE) 1 << 31 << 31) - 1 + ((FTYPE) 1 << 31 << 31))
|   int FTYPE_is_large[(LARGE_FTYPE % 2147483629 == 721
| 		       && LARGE_FTYPE % 2147483647 == 1)
| 		      ? 1 : -1];
| int
| main (void)
| {
| 
|   ;
|   return 0;
| }
configure:13442: xtensa-esp32-elf-gcc -D_LARGE_FILES=1 -c -mlongcalls -O2  conftest.c >&5
conftest.c:31:39: warning: result of '-2147483648 << 31' requires 63 bits to represent, but 'long int' only has 32 bits [-Wshift-overflow=]
   31 | #define LARGE_FTYPE (((FTYPE) 1 << 31 << 31) - 1 + ((FTYPE) 1 << 31 << 31))
      |                                       ^~
conftest.c:32:23: note: in expansion of macro 'LARGE_FTYPE'
   32 |   int FTYPE_is_large[(LARGE_FTYPE % 2147483629 == 721
      |                       ^~~~~~~~~~~
conftest.c:31:69: warning: result of '-2147483648 << 31' requires 63 bits to represent, but 'long int' only has 32 bits [-Wshift-overflow=]
   31 | #define LARGE_FTYPE (((FTYPE) 1 << 31 << 31) - 1 + ((FTYPE) 1 << 31 << 31))
      |                                                                     ^~
conftest.c:32:23: note: in expansion of macro 'LARGE_FTYPE'
   32 |   int FTYPE_is_large[(LARGE_FTYPE % 2147483629 == 721
      |                       ^~~~~~~~~~~
conftest.c:31:39: warning: result of '-2147483648 << 31' requires 63 bits to represent, but 'long int' only has 32 bits [-Wshift-overflow=]
   31 | #define LARGE_FTYPE (((FTYPE) 1 << 31 << 31) - 1 + ((FTYPE) 1 << 31 << 31))
      |                                       ^~
conftest.c:33:27: note: in expansion of macro 'LARGE_FTYPE'
   33 |                        && LARGE_FTYPE % 2147483647 == 1)
      |                           ^~~~~~~~~~~
conftest.c:31:69: warning: result of '-2147483648 << 31' requires 63 bits to represent, but 'long int' only has 32 bits [-Wshift-overflow=]
   31 | #define LARGE_FTYPE (((FTYPE) 1 << 31 << 31) - 1 + ((FTYPE) 1 << 31 << 31))
      |                                                                     ^~
conftest.c:33:27: note: in expansion of macro 'LARGE_FTYPE'
   33 |                        && LARGE_FTYPE % 2147483647 == 1)
      |                           ^~~~~~~~~~~
conftest.c:32:7: error: variably modified 'FTYPE_is_large' at file scope
   32 |   int FTYPE_is_large[(LARGE_FTYPE % 2147483629 == 721
      |       ^~~~~~~~~~~~~~
configure:13442: $? = 1
configure: failed program was:
| /* confdefs.h */
| #define PACKAGE_NAME "FreeType"
| #define PACKAGE_TARNAME "freetype"
| #define PACKAGE_VERSION "2.13.3"
| #define PACKAGE_STRING "FreeType 2.13.3"
| #define PACKAGE_BUGREPORT "freetype@nongnu.org"
| #define PACKAGE_URL ""
| #define HAVE_STDIO_H 1
| #define HAVE_STDLIB_H 1
| #define HAVE_STRING_H 1
| #define HAVE_INTTYPES_H 1
| #define HAVE_STDINT_H 1
| #define HAVE_STRINGS_H 1
| #define HAVE_SYS_STAT_H 1
| #define HAVE_SYS_TYPES_H 1
| #define HAVE_UNISTD_H 1
| #define HAVE_SYS_PARAM_H 1
| #define STDC_HEADERS 1
| #define LT_OBJDIR ".libs/"
| #define HAVE_FCNTL_H 1
| #define HAVE_UNISTD_H 1
| /* end confdefs.h.  */
| #include <sys/types.h>
| #ifndef FTYPE
| # define FTYPE off_t
| #endif
|  /* Check that FTYPE can represent 2**63 - 1 correctly.
|     We can't simply define LARGE_FTYPE to be 9223372036854775807,
|     since some C++ compilers masquerading as C compilers
|     incorrectly reject 9223372036854775807.  */
| #define LARGE_FTYPE (((FTYPE) 1 << 31 << 31) - 1 + ((FTYPE) 1 << 31 << 31))
|   int FTYPE_is_large[(LARGE_FTYPE % 2147483629 == 721
| 		       && LARGE_FTYPE % 2147483647 == 1)
| 		      ? 1 : -1];
| int
| main (void)
| {
| 
|   ;
|   return 0;
| }
configure:13442: xtensa-esp32-elf-gcc -n32 -c -mlongcalls -O2  conftest.c >&5
xtensa-esp-elf-gcc: error: unrecognized command-line option '-n32'
configure:13442: $? = 1
configure: failed program was:
| /* confdefs.h */
| #define PACKAGE_NAME "FreeType"
| #define PACKAGE_TARNAME "freetype"
| #define PACKAGE_VERSION "2.13.3"
| #define PACKAGE_STRING "FreeType 2.13.3"
| #define PACKAGE_BUGREPORT "freetype@nongnu.org"
| #define PACKAGE_URL ""
| #define HAVE_STDIO_H 1
| #define HAVE_STDLIB_H 1
| #define HAVE_STRING_H 1
| #define HAVE_INTTYPES_H 1
| #define HAVE_STDINT_H 1
| #define HAVE_STRINGS_H 1
| #define HAVE_SYS_STAT_H 1
| #define HAVE_SYS_TYPES_H 1
| #define HAVE_UNISTD_H 1
| #define HAVE_SYS_PARAM_H 1
| #define STDC_HEADERS 1
| #define LT_OBJDIR ".libs/"
| #define HAVE_FCNTL_H 1
| #define HAVE_UNISTD_H 1
| /* end confdefs.h.  */
| #include <sys/types.h>
| #ifndef FTYPE
| # define FTYPE off_t
| #endif
|  /* Check that FTYPE can represent 2**63 - 1 correctly.
|     We can't simply define LARGE_FTYPE to be 9223372036854775807,
|     since some C++ compilers masquerading as C compilers
|     incorrectly reject 9223372036854775807.  */
| #define LARGE_FTYPE (((FTYPE) 1 << 31 << 31) - 1 + ((FTYPE) 1 << 31 << 31))
|   int FTYPE_is_large[(LARGE_FTYPE % 2147483629 == 721
| 		       && LARGE_FTYPE % 2147483647 == 1)
| 		      ? 1 : -1];
| int
| main (void)
| {
| 
|   ;
|   return 0;
| }
configure:13473: result: support not detected
configure:13605: checking for getpagesize
configure:13605: xtensa-esp32-elf-gcc -o conftest -mlongcalls -O2   conftest.c  >&5
/home/turgu1/.espressif/tools/xtensa-esp-elf/esp-13.2.0_20240530/xtensa-esp-elf/bin/../lib/gcc/xtensa-esp-elf/13.2.0/../../../../xtensa-esp-elf/bin/ld: /tmp/cc5NY4Fq.o:(.literal.startup+0x0): undefined reference to `getpagesize'
/home/turgu1/.espressif/tools/xtensa-esp-elf/esp-13.2.0_20240530/xtensa-esp-elf/bin/../lib/gcc/xtensa-esp-elf/13.2.0/../../../../xtensa-esp-elf/bin/ld: /tmp/cc5NY4Fq.o: in function `main':
conftest.c:(.text.startup+0x3): undefined reference to `getpagesize'
collect2: error: ld returned 1 exit status
configure:13605: $? = 1
configure: failed program was:
| /* confdefs.h */
| #define PACKAGE_NAME "FreeType"
| #define PACKAGE_TARNAME "freetype"
| #define PACKAGE_VERSION "2.13.3"
| #define PACKAGE_STRING "FreeType 2.13.3"
| #define PACKAGE_BUGREPORT "freetype@nongnu.org"
| #define PACKAGE_URL ""
| #define HAVE_STDIO_H 1
| #define HAVE_STDLIB_H 1
| #define HAVE_STRING_H 1
| #define HAVE_INTTYPES_H 1
| #define HAVE_STDINT_H 1
| #define HAVE_STRINGS_H 1
| #define HAVE_SYS_STAT_H 1
| #define HAVE_SYS_TYPES_H 1
| #define HAVE_UNISTD_H 1
| #define HAVE_SYS_PARAM_H 1
| #define STDC_HEADERS 1
| #define LT_OBJDIR ".libs/"
| #define HAVE_FCNTL_H 1
| #define HAVE_UNISTD_H 1
| /* end confdefs.h.  */
| /* Define getpagesize to an innocuous variant, in case <limits.h> declares getpagesize.
|    For example, HP-UX 11i <limits.h> declares gettimeofday.  */
| #define getpagesize innocuous_getpagesize
| 
| /* System header to define __stub macros and hopefully few prototypes,
|    which can conflict with char getpagesize (void); below.  */
| 
| #include <limits.h>
| #undef getpagesize
| 
| /* Override any GCC internal prototype to avoid an error.
|    Use char because int might match the return type of a GCC
|    builtin and then its argument prototype would still apply.  */
| #ifdef __cplusplus
| extern "C"
| #endif
| char getpagesize (void);
| /* The GNU C library defines this for functions which it implements
|     to always fail with ENOSYS.  Some functions are actually named
|     something starting with __ and the normal name is an alias.  */
| #if defined __stub_getpagesize || defined __stub___getpagesize
| choke me
| #endif
| 
| int
| main (void)
| {
| return getpagesize ();
|   ;
|   return 0;
| }
configure:13605: result: no
configure:13616: checking for working mmap
configure:13780: result: no
configure:13954: checking xtensa-esp32-elf-gcc compiler flag -pedantic to assure ANSI C99 works correctly
configure:13981: xtensa-esp32-elf-gcc -c -mlongcalls -O2  -pedantic  conftest.c >&5
configure:13981: $? = 0
configure:13983: result: ok, adding to XX_ANSIFLAGS
configure:13954: checking xtensa-esp32-elf-gcc compiler flag -std=c99 to assure ANSI C99 works correctly
configure:13981: xtensa-esp32-elf-gcc -c -mlongcalls -O2  -pedantic -std=c99  conftest.c >&5
configure:13981: $? = 0
configure:13983: result: ok, adding to XX_ANSIFLAGS
configure:14018: checking for -fvisibility=hidden compiler flag
configure:14033: xtensa-esp32-elf-gcc -o conftest -mlongcalls -O2 -fvisibility=hidden   conftest.c  >&5
configure:14033: $? = 0
configure:14036: result: yes
configure:14897: checking for library containing clock_gettime
configure:14933: xtensa-esp32-elf-gcc -o conftest -mlongcalls -O2 -fvisibility=hidden   conftest.c  >&5
configure:14933: $? = 0
configure:14955: result: none required
configure:15364: WARNING:
*** WARNING
    FreeType2 built without FSRef API cannot load
    data-fork fonts on MacOS, except of XXX.dfont.
    
configure:15652: WARNING:
*** WARNING
    FSSpec/FSRef/QuickDraw/ATS options are explicitly given,
    thus it is recommended to replace src/base/ftmac.c by builds/mac/ftmac.c.
    
configure:15670: checking target system type
configure:15685: result: xtensa-esp32-elf
configure:15712: checking for egrep -e
configure:15842: result: /usr/bin/grep -E
configure:16012: checking whether xtensa-esp32-elf-gcc is Clang
configure:16040: result: no
configure:16106: checking whether pthreads work with "-pthread" and "-lpthread"
configure:16218: xtensa-esp32-elf-gcc -o conftest -mlongcalls -O2 -fvisibility=hidden -DHAVE_FSSPEC=0 -DHAVE_FSREF=0 -DHAVE_QUICKDRAW_TOOLBOX=0 -DHAVE_QUICKDRAW_CARBON=0 -DHAVE_ATS=0 -I$(TOP_DIR)/builds/mac/ -pthread   conftest.c -lpthread  >&5
xtensa-esp-elf-gcc: error: unrecognized command-line option '-pthread'; did you mean '-fpthread'?
configure:16218: $? = 1
configure: failed program was:
| /* confdefs.h */
| #define PACKAGE_NAME "FreeType"
| #define PACKAGE_TARNAME "freetype"
| #define PACKAGE_VERSION "2.13.3"
| #define PACKAGE_STRING "FreeType 2.13.3"
| #define PACKAGE_BUGREPORT "freetype@nongnu.org"
| #define PACKAGE_URL ""
| #define HAVE_STDIO_H 1
| #define HAVE_STDLIB_H 1
| #define HAVE_STRING_H 1
| #define HAVE_INTTYPES_H 1
| #define HAVE_STDINT_H 1
| #define HAVE_STRINGS_H 1
| #define HAVE_SYS_STAT_H 1
| #define HAVE_SYS_TYPES_H 1
| #define HAVE_UNISTD_H 1
| #define HAVE_SYS_PARAM_H 1
| #define STDC_HEADERS 1
| #define LT_OBJDIR ".libs/"
| #define HAVE_FCNTL_H 1
| #define HAVE_UNISTD_H 1
| /* end confdefs.h.  */
| #include <pthread.h>
| #                       if 0
| #                        error "-- must be defined"
| #                       endif
|                         static void *some_global = NULL;
|                         static void routine(void *a)
|                           {
|                              /* To avoid any unused-parameter or
|                                 unused-but-set-parameter warning.  */
|                              some_global = a;
|                           }
|                         static void *start_routine(void *a) { return a; }
| int
| main (void)
| {
| pthread_t th; pthread_attr_t attr;
|                         pthread_create(&th, 0, start_routine, 0);
|                         pthread_join(th, 0);
|                         pthread_attr_init(&attr);
|                         pthread_cleanup_push(routine, 0);
|                         pthread_cleanup_pop(0) /* ; */
|   ;
|   return 0;
| }
configure:16228: result: no
configure:16111: checking whether pthreads work with -pthread
configure:16218: xtensa-esp32-elf-gcc -o conftest -mlongcalls -O2 -fvisibility=hidden -DHAVE_FSSPEC=0 -DHAVE_FSREF=0 -DHAVE_QUICKDRAW_TOOLBOX=0 -DHAVE_QUICKDRAW_CARBON=0 -DHAVE_ATS=0 -I$(TOP_DIR)/builds/mac/ -pthread   conftest.c   >&5
xtensa-esp-elf-gcc: error: unrecognized command-line option '-pthread'; did you mean '-fpthread'?
configure:16218: $? = 1
configure: failed program was:
| /* confdefs.h */
| #define PACKAGE_NAME "FreeType"
| #define PACKAGE_TARNAME "freetype"
| #define PACKAGE_VERSION "2.13.3"
| #define PACKAGE_STRING "FreeType 2.13.3"
| #define PACKAGE_BUGREPORT "freetype@nongnu.org"
| #define PACKAGE_URL ""
| #define HAVE_STDIO_H 1
| #define HAVE_STDLIB_H 1
| #define HAVE_STRING_H 1
| #define HAVE_INTTYPES_H 1
| #define HAVE_STDINT_H 1
| #define HAVE_STRINGS_H 1
| #define HAVE_SYS_STAT_H 1
| #define HAVE_SYS_TYPES_H 1
| #define HAVE_UNISTD_H 1
| #define HAVE_SYS_PARAM_H 1
| #define STDC_HEADERS 1
| #define LT_OBJDIR ".libs/"
| #define HAVE_FCNTL_H 1
| #define HAVE_UNISTD_H 1
| /* end confdefs.h.  */
| #include <pthread.h>
| #                       if 0
| #                        error "-- must be defined"
| #                       endif
|                         static void *some_global = NULL;
|                         static void routine(void *a)
|                           {
|                              /* To avoid any unused-parameter or
|                                 unused-but-set-parameter warning.  */
|                              some_global = a;
|                           }
|                         static void *start_routine(void *a) { return a; }
| int
| main (void)
| {
| pthread_t th; pthread_attr_t attr;
|                         pthread_create(&th, 0, start_routine, 0);
|                         pthread_join(th, 0);
|                         pthread_attr_init(&attr);
|                         pthread_cleanup_push(routine, 0);
|                         pthread_cleanup_pop(0) /* ; */
|   ;
|   return 0;
| }
configure:16228: result: no
configure:16111: checking whether pthreads work with -pthreads
configure:16218: xtensa-esp32-elf-gcc -o conftest -mlongcalls -O2 -fvisibility=hidden -DHAVE_FSSPEC=0 -DHAVE_FSREF=0 -DHAVE_QUICKDRAW_TOOLBOX=0 -DHAVE_QUICKDRAW_CARBON=0 -DHAVE_ATS=0 -I$(TOP_DIR)/builds/mac/ -pthreads   conftest.c   >&5
xtensa-esp-elf-gcc: error: unrecognized command-line option '-pthreads'; did you mean '-fpthread'?
configure:16218: $? = 1
configure: failed program was:
| /* confdefs.h */
| #define PACKAGE_NAME "FreeType"
| #define PACKAGE_TARNAME "freetype"
| #define PACKAGE_VERSION "2.13.3"
| #define PACKAGE_STRING "FreeType 2.13.3"
| #define PACKAGE_BUGREPORT "freetype@nongnu.org"
| #define PACKAGE_URL ""
| #define HAVE_STDIO_H 1
| #define HAVE_STDLIB_H 1
| #define HAVE_STRING_H 1
| #define HAVE_INTTYPES_H 1
| #define HAVE_STDINT_H 1
| #define HAVE_STRINGS_H 1
| #define HAVE_SYS_STAT_H 1
| #define HAVE_SYS_TYPES_H 1
| #define HAVE_UNISTD_H 1
| #define HAVE_SYS_PARAM_H 1
| #define STDC_HEADERS 1
| #define LT_OBJDIR ".libs/"
| #define HAVE_FCNTL_H 1
| #define HAVE_UNISTD_H 1
| /* end confdefs.h.  */
| #include <pthread.h>
| #                       if 0
| #                        error "-- must be defined"
| #                       endif
|                         static void *some_global = NULL;
|                         static void routine(void *a)
|                           {
|                              /* To avoid any unused-parameter or
|                                 unused-but-set-parameter warning.  */
|                              some_global = a;
|                           }
|                         static void *start_routine(void *a) { return a; }
| int
| main (void)
| {
| pthread_t th; pthread_attr_t attr;
|                         pthread_create(&th, 0, start_routine, 0);
|                         pthread_join(th, 0);
|                         pthread_attr_init(&attr);
|                         pthread_cleanup_push(routine, 0);
|                         pthread_cleanup_pop(0) /* ; */
|   ;
|   return 0;
| }
configure:16228: result: no
configure:16170: checking for the pthreads library -lpthreads
configure:16218: xtensa-esp32-elf-gcc -o conftest -mlongcalls -O2 -fvisibility=hidden -DHAVE_FSSPEC=0 -DHAVE_FSREF=0 -DHAVE_QUICKDRAW_TOOLBOX=0 -DHAVE_QUICKDRAW_CARBON=0 -DHAVE_ATS=0 -I$(TOP_DIR)/builds/mac/    conftest.c -lpthreads  >&5
/home/turgu1/.espressif/tools/xtensa-esp-elf/esp-13.2.0_20240530/xtensa-esp-elf/bin/../lib/gcc/xtensa-esp-elf/13.2.0/../../../../xtensa-esp-elf/bin/ld: cannot find -lpthreads: No such file or directory
/home/turgu1/.espressif/tools/xtensa-esp-elf/esp-13.2.0_20240530/xtensa-esp-elf/bin/../lib/gcc/xtensa-esp-elf/13.2.0/../../../../xtensa-esp-elf/bin/ld: /tmp/ccEnnr7t.o:(.literal.startup+0x18): warning: _pthread_cleanup_pop is not implemented and will always fail
/home/turgu1/.espressif/tools/xtensa-esp-elf/esp-13.2.0_20240530/xtensa-esp-elf/bin/../lib/gcc/xtensa-esp-elf/13.2.0/../../../../xtensa-esp-elf/bin/ld: /tmp/ccEnnr7t.o:(.literal.startup+0x14): warning: _pthread_cleanup_push is not implemented and will always fail
/home/turgu1/.espressif/tools/xtensa-esp-elf/esp-13.2.0_20240530/xtensa-esp-elf/bin/../lib/gcc/xtensa-esp-elf/13.2.0/../../../../xtensa-esp-elf/bin/ld: /tmp/ccEnnr7t.o:(.literal.startup+0xc): warning: pthread_join is not implemented and will always fail
/home/turgu1/.espressif/tools/xtensa-esp-elf/esp-13.2.0_20240530/xtensa-esp-elf/bin/../lib/gcc/xtensa-esp-elf/13.2.0/../../../../xtensa-esp-elf/bin/ld: /tmp/ccEnnr7t.o:(.literal.startup+0x8): warning: pthread_create is not implemented and will always fail
/home/turgu1/.espressif/tools/xtensa-esp-elf/esp-13.2.0_20240530/xtensa-esp-elf/bin/../lib/gcc/xtensa-esp-elf/13.2.0/../../../../xtensa-esp-elf/bin/ld: /tmp/ccEnnr7t.o:(.literal.startup+0x10): warning: pthread_attr_init is not implemented and will always fail
collect2: error: ld returned 1 exit status
configure:16218: $? = 1
configure: failed program was:
| /* confdefs.h */
| #define PACKAGE_NAME "FreeType"
| #define PACKAGE_TARNAME "freetype"
| #define PACKAGE_VERSION "2.13.3"
| #define PACKAGE_STRING "FreeType 2.13.3"
| #define PACKAGE_BUGREPORT "freetype@nongnu.org"
| #define PACKAGE_URL ""
| #define HAVE_STDIO_H 1
| #define HAVE_STDLIB_H 1
| #define HAVE_STRING_H 1
| #define HAVE_INTTYPES_H 1
| #define HAVE_STDINT_H 1
| #define HAVE_STRINGS_H 1
| #define HAVE_SYS_STAT_H 1
| #define HAVE_SYS_TYPES_H 1
| #define HAVE_UNISTD_H 1
| #define HAVE_SYS_PARAM_H 1
| #define STDC_HEADERS 1
| #define LT_OBJDIR ".libs/"
| #define HAVE_FCNTL_H 1
| #define HAVE_UNISTD_H 1
| /* end confdefs.h.  */
| #include <pthread.h>
| #                       if 0
| #                        error "-- must be defined"
| #                       endif
|                         static void *some_global = NULL;
|                         static void routine(void *a)
|                           {
|                              /* To avoid any unused-parameter or
|                                 unused-but-set-parameter warning.  */
|                              some_global = a;
|                           }
|                         static void *start_routine(void *a) { return a; }
| int
| main (void)
| {
| pthread_t th; pthread_attr_t attr;
|                         pthread_create(&th, 0, start_routine, 0);
|                         pthread_join(th, 0);
|                         pthread_attr_init(&attr);
|                         pthread_cleanup_push(routine, 0);
|                         pthread_cleanup_pop(0) /* ; */
|   ;
|   return 0;
| }
configure:16228: result: no
configure:16099: checking whether pthreads work without any flags
configure:16218: xtensa-esp32-elf-gcc -o conftest -mlongcalls -O2 -fvisibility=hidden -DHAVE_FSSPEC=0 -DHAVE_FSREF=0 -DHAVE_QUICKDRAW_TOOLBOX=0 -DHAVE_QUICKDRAW_CARBON=0 -DHAVE_ATS=0 -I$(TOP_DIR)/builds/mac/    conftest.c   >&5
/home/turgu1/.espressif/tools/xtensa-esp-elf/esp-13.2.0_20240530/xtensa-esp-elf/bin/../lib/gcc/xtensa-esp-elf/13.2.0/../../../../xtensa-esp-elf/bin/ld: /tmp/ccm1Hlc0.o:(.literal.startup+0x18): warning: _pthread_cleanup_pop is not implemented and will always fail
/home/turgu1/.espressif/tools/xtensa-esp-elf/esp-13.2.0_20240530/xtensa-esp-elf/bin/../lib/gcc/xtensa-esp-elf/13.2.0/../../../../xtensa-esp-elf/bin/ld: /tmp/ccm1Hlc0.o:(.literal.startup+0x14): warning: _pthread_cleanup_push is not implemented and will always fail
/home/turgu1/.espressif/tools/xtensa-esp-elf/esp-13.2.0_20240530/xtensa-esp-elf/bin/../lib/gcc/xtensa-esp-elf/13.2.0/../../../../xtensa-esp-elf/bin/ld: /tmp/ccm1Hlc0.o:(.literal.startup+0xc): warning: pthread_join is not implemented and will always fail
/home/turgu1/.espressif/tools/xtensa-esp-elf/esp-13.2.0_20240530/xtensa-esp-elf/bin/../lib/gcc/xtensa-esp-elf/13.2.0/../../../../xtensa-esp-elf/bin/ld: /tmp/ccm1Hlc0.o:(.literal.startup+0x8): warning: pthread_create is not implemented and will always fail
/home/turgu1/.espressif/tools/xtensa-esp-elf/esp-13.2.0_20240530/xtensa-esp-elf/bin/../lib/gcc/xtensa-esp-elf/13.2.0/../../../../xtensa-esp-elf/bin/ld: /tmp/ccm1Hlc0.o:(.literal.startup+0x10): warning: pthread_attr_init is not implemented and will always fail
configure:16218: $? = 0
configure:16228: result: yes
configure:16352: checking for joinable pthread attribute
configure:16371: xtensa-esp32-elf-gcc -o conftest -mlongcalls -O2 -fvisibility=hidden -DHAVE_FSSPEC=0 -DHAVE_FSREF=0 -DHAVE_QUICKDRAW_TOOLBOX=0 -DHAVE_QUICKDRAW_CARBON=0 -DHAVE_ATS=0 -I$(TOP_DIR)/builds/mac/    conftest.c   >&5
configure:16371: $? = 0
configure:16381: result: PTHREAD_CREATE_JOINABLE
configure:16394: checking whether more special flags are required for pthreads
configure:16409: result: no
configure:16418: checking for PTHREAD_PRIO_INHERIT
configure:16436: xtensa-esp32-elf-gcc -o conftest -mlongcalls -O2 -fvisibility=hidden -DHAVE_FSSPEC=0 -DHAVE_FSREF=0 -DHAVE_QUICKDRAW_TOOLBOX=0 -DHAVE_QUICKDRAW_CARBON=0 -DHAVE_ATS=0 -I$(TOP_DIR)/builds/mac/    conftest.c   >&5
conftest.c: In function 'main':
conftest.c:27:9: error: 'PTHREAD_PRIO_INHERIT' undeclared (first use in this function); did you mean 'PTHREAD_ONCE_INIT'?
   27 | int i = PTHREAD_PRIO_INHERIT;
      |         ^~~~~~~~~~~~~~~~~~~~
      |         PTHREAD_ONCE_INIT
conftest.c:27:9: note: each undeclared identifier is reported only once for each function it appears in
configure:16436: $? = 1
configure: failed program was:
| /* confdefs.h */
| #define PACKAGE_NAME "FreeType"
| #define PACKAGE_TARNAME "freetype"
| #define PACKAGE_VERSION "2.13.3"
| #define PACKAGE_STRING "FreeType 2.13.3"
| #define PACKAGE_BUGREPORT "freetype@nongnu.org"
| #define PACKAGE_URL ""
| #define HAVE_STDIO_H 1
| #define HAVE_STDLIB_H 1
| #define HAVE_STRING_H 1
| #define HAVE_INTTYPES_H 1
| #define HAVE_STDINT_H 1
| #define HAVE_STRINGS_H 1
| #define HAVE_SYS_STAT_H 1
| #define HAVE_SYS_TYPES_H 1
| #define HAVE_UNISTD_H 1
| #define HAVE_SYS_PARAM_H 1
| #define STDC_HEADERS 1
| #define LT_OBJDIR ".libs/"
| #define HAVE_FCNTL_H 1
| #define HAVE_UNISTD_H 1
| /* end confdefs.h.  */
| #include <pthread.h>
| int
| main (void)
| {
| int i = PTHREAD_PRIO_INHERIT;
|                                                return i;
|   ;
|   return 0;
| }
configure:16448: result: no
configure:16634: checking for python3
configure:16655: found /home/turgu1/.espressif/python_env/idf5.3_py3.12_env/bin/python3
configure:16667: result: python3
configure:16689: checking for python version
configure:16694: result: 3.12.3
configure:16755: checking for `docwriter' Python module
configure:16763: result: no
configure:17033: creating ./config.status

## ---------------------- ##
## Running config.status. ##
## ---------------------- ##

This file was extended by FreeType config.status 2.13.3, which was
generated by GNU Autoconf 2.72.  Invocation command line was

  CONFIG_FILES    = 
  CONFIG_HEADERS  = 
  CONFIG_LINKS    = 
  CONFIG_COMMANDS = 
  $ ./config.status 

on phobos

config.status:1143: creating ftoption.h
config.status:1143: creating unix-cc.mk
config.status:1143: creating unix-def.mk
config.status:1143: creating ftconfig.h
config.status:1324: ftconfig.h is unchanged
config.status:1338: executing libtool commands
configure:19279:

Library configuration:
  external zlib: no
  bzip2:         no
  libpng:        no
  harfbuzz:      no
  brotli:        no
  pthread:       yes

configure:19303: WARNING:
  `make refdoc' will fail since pip package `docwriter' is not installed.
  To install, run `python3 -m pip install docwriter', or to use a Python
  virtual environment, run `make refdoc-venv' (requires pip package
  `virtualenv').  These operations require Python >= 3.5.
  

## ---------------- ##
## Cache variables. ##
## ---------------- ##

ac_cv_build=x86_64-pc-linux-gnu
ac_cv_c_compiler_gnu=yes
ac_cv_c_const=yes
ac_cv_env_BROTLI_CFLAGS_set=
ac_cv_env_BROTLI_CFLAGS_value=
ac_cv_env_BROTLI_LIBS_set=
ac_cv_env_BROTLI_LIBS_value=
ac_cv_env_BZIP2_CFLAGS_set=
ac_cv_env_BZIP2_CFLAGS_value=
ac_cv_env_BZIP2_LIBS_set=
ac_cv_env_BZIP2_LIBS_value=
ac_cv_env_CC_set=
ac_cv_env_CC_value=
ac_cv_env_CFLAGS_set=set
ac_cv_env_CFLAGS_value='-mlongcalls -O2'
ac_cv_env_CPPFLAGS_set=
ac_cv_env_CPPFLAGS_value=
ac_cv_env_CPP_set=
ac_cv_env_CPP_value=
ac_cv_env_HARFBUZZ_CFLAGS_set=
ac_cv_env_HARFBUZZ_CFLAGS_value=
ac_cv_env_HARFBUZZ_LIBS_set=
ac_cv_env_HARFBUZZ_LIBS_value=
ac_cv_env_LDFLAGS_set=
ac_cv_env_LDFLAGS_value=
ac_cv_env_LIBPNG_CFLAGS_set=
ac_cv_env_LIBPNG_CFLAGS_value=
ac_cv_env_LIBPNG_LIBS_set=
ac_cv_env_LIBPNG_LIBS_value=
ac_cv_env_LIBRSVG_CFLAGS_set=
ac_cv_env_LIBRSVG_CFLAGS_value=
ac_cv_env_LIBRSVG_LIBS_set=
ac_cv_env_LIBRSVG_LIBS_value=
ac_cv_env_LIBS_set=
ac_cv_env_LIBS_value=
ac_cv_env_LT_SYS_LIBRARY_PATH_set=
ac_cv_env_LT_SYS_LIBRARY_PATH_value=
ac_cv_env_PKG_CONFIG_LIBDIR_set=
ac_cv_env_PKG_CONFIG_LIBDIR_value=
ac_cv_env_PKG_CONFIG_PATH_set=
ac_cv_env_PKG_CONFIG_PATH_value=
ac_cv_env_PKG_CONFIG_set=
ac_cv_env_PKG_CONFIG_value=
ac_cv_env_ZLIB_CFLAGS_set=
ac_cv_env_ZLIB_CFLAGS_value=
ac_cv_env_ZLIB_LIBS_set=
ac_cv_env_ZLIB_LIBS_value=
ac_cv_env_build_alias_set=
ac_cv_env_build_alias_value=
ac_cv_env_host_alias_set=set
ac_cv_env_host_alias_value=xtensa-esp32-elf
ac_cv_env_target_alias_set=
ac_cv_env_target_alias_value=
ac_cv_func_getpagesize=no
ac_cv_func_mmap_fixed_mapped=no
ac_cv_header_dlfcn_h=no
ac_cv_header_fcntl_h=yes
ac_cv_header_inttypes_h=yes
ac_cv_header_stdint_h=yes
ac_cv_header_stdio_h=yes
ac_cv_header_stdlib_h=yes
ac_cv_header_string_h=yes
ac_cv_header_strings_h=yes
ac_cv_header_sys_param_h=yes
ac_cv_header_sys_stat_h=yes
ac_cv_header_sys_types_h=yes
ac_cv_header_unistd_h=yes
ac_cv_header_windows_h=no
ac_cv_host=xtensa-esp32-elf
ac_cv_objext=o
ac_cv_path_EGREP='/usr/bin/grep -E'
ac_cv_path_EGREP_TRADITIONAL='/usr/bin/grep -E'
ac_cv_path_FGREP='/usr/bin/grep -F'
ac_cv_path_GREP=/usr/bin/grep
ac_cv_path_SED=/usr/bin/sed
ac_cv_path_ac_pt_PKG_CONFIG=/usr/bin/pkg-config
ac_cv_path_install='/usr/bin/install -c'
ac_cv_path_lt_DD=/usr/bin/dd
ac_cv_path_mkdir=/usr/bin/mkdir
ac_cv_prog_AR=xtensa-esp32-elf-ar
ac_cv_prog_AWK=mawk
ac_cv_prog_CC=xtensa-esp32-elf-gcc
ac_cv_prog_CC_BUILD=gcc
ac_cv_prog_CPP='xtensa-esp32-elf-gcc -E'
ac_cv_prog_OBJDUMP=xtensa-esp32-elf-objdump
ac_cv_prog_PYTHON=python3
ac_cv_prog_RANLIB=xtensa-esp32-elf-ranlib
ac_cv_prog_STRIP=xtensa-esp32-elf-strip
ac_cv_prog_ac_ct_FILECMD=file
ac_cv_prog_ac_ct_MANIFEST_TOOL=mt
ac_cv_prog_cc_c11=
ac_cv_prog_cc_g=yes
ac_cv_prog_cc_stdc=
ac_cv_search_clock_gettime='none required'
ac_cv_sys_largefile_opts='support not detected'
ac_cv_target=xtensa-esp32-elf
ax_cv_PTHREAD_CLANG=no
ax_cv_PTHREAD_JOINABLE_ATTR=PTHREAD_CREATE_JOINABLE
ax_cv_PTHREAD_PRIO_INHERIT=no
ax_cv_PTHREAD_SPECIAL_FLAGS=no
lt_cv_ar_at_file=@
lt_cv_deplibs_check_method=unknown
lt_cv_file_magic_cmd='$MAGIC_CMD'
lt_cv_file_magic_test_file=
lt_cv_ld_reload_flag=-r
lt_cv_nm_interface='BSD nm'
lt_cv_objdir=.libs
lt_cv_path_LD=/home/turgu1/.espressif/tools/xtensa-esp-elf/esp-13.2.0_20240530/xtensa-esp-elf/xtensa-esp-elf/bin/ld
lt_cv_path_NM='/home/turgu1/.espressif/tools/xtensa-esp-elf/esp-13.2.0_20240530/xtensa-esp-elf/bin/xtensa-esp32-elf-nm -B'
lt_cv_path_mainfest_tool=no
lt_cv_prog_compiler_c_o=yes
lt_cv_prog_compiler_pic='-fPIC -DPIC'
lt_cv_prog_compiler_pic_works=yes
lt_cv_prog_compiler_rtti_exceptions=no
lt_cv_prog_compiler_static_works=yes
lt_cv_prog_gnu_ld=yes
lt_cv_sharedlib_from_linklib_cmd='printf %s\n'
lt_cv_sys_global_symbol_pipe='/usr/bin/sed -n -e '\''s/^.*[	 ]\([ABCDGIRSTW][ABCDGIRSTW]*\)[	 ][	 ]*\([_A-Za-z][_A-Za-z0-9]*\)$/\1 \2 \2/p'\'' | /usr/bin/sed '\''/ __gnu_lto/d'\'''
lt_cv_sys_global_symbol_to_c_name_address='/usr/bin/sed -n -e '\''s/^: \(.*\) .*$/  {"\1", (void *) 0},/p'\'' -e '\''s/^[ABCDGIRSTW][ABCDGIRSTW]* .* \(.*\)$/  {"\1", (void *) \&\1},/p'\'''
lt_cv_sys_global_symbol_to_c_name_address_lib_prefix='/usr/bin/sed -n -e '\''s/^: \(.*\) .*$/  {"\1", (void *) 0},/p'\'' -e '\''s/^[ABCDGIRSTW][ABCDGIRSTW]* .* \(lib.*\)$/  {"\1", (void *) \&\1},/p'\'' -e '\''s/^[ABCDGIRSTW][ABCDGIRSTW]* .* \(.*\)$/  {"lib\1", (void *) \&\1},/p'\'''
lt_cv_sys_global_symbol_to_cdecl='/usr/bin/sed -n -e '\''s/^T .* \(.*\)$/extern int \1();/p'\'' -e '\''s/^[ABCDGIRSTW][ABCDGIRSTW]* .* \(.*\)$/extern char \1;/p'\'''
lt_cv_sys_global_symbol_to_import=
lt_cv_sys_max_cmd_len=1572864
lt_cv_to_host_file_cmd=func_convert_file_noop
lt_cv_to_tool_file_cmd=func_convert_file_noop
lt_cv_truncate_bin='/usr/bin/dd bs=4096 count=1'

## ----------------- ##
## Output variables. ##
## ----------------- ##

AR='xtensa-esp32-elf-ar'
AS='as'
AWK='mawk'
BROTLI_CFLAGS=''
BROTLI_LIBS=''
BZIP2_CFLAGS=''
BZIP2_LIBS=''
CC='xtensa-esp32-elf-gcc'
CC_BUILD='gcc'
CFLAGS='-mlongcalls -O2 -fvisibility=hidden -DHAVE_FSSPEC=0 -DHAVE_FSREF=0 -DHAVE_QUICKDRAW_TOOLBOX=0 -DHAVE_QUICKDRAW_CARBON=0 -DHAVE_ATS=0 -I$(TOP_DIR)/builds/mac/ '
CPP='xtensa-esp32-elf-gcc -E'
CPPFLAGS=''
DEFS='-DHAVE_CONFIG_H'
DLLTOOL='false'
DSYMUTIL=''
DUMPBIN=''
ECHO_C=''
ECHO_N='-n'
ECHO_T=''
EGREP='/usr/bin/grep -E'
EXEEXT=''
EXEEXT_BUILD=''
FGREP='/usr/bin/grep -F'
FILECMD='file'
FTSYS_SRC='$(BASE_DIR)/ftsystem.c'
FT_DEMO_CFLAGS=''
FT_DEMO_LDFLAGS=''
GREP='/usr/bin/grep'
HARFBUZZ_CFLAGS=''
HARFBUZZ_LIBS=''
INSTALL_DATA='${INSTALL} -m 644'
INSTALL_FT2_CONFIG='FALSE'
INSTALL_PROGRAM='${INSTALL}'
INSTALL_SCRIPT='${INSTALL}'
LD='/home/turgu1/.espressif/tools/xtensa-esp-elf/esp-13.2.0_20240530/xtensa-esp-elf/xtensa-esp-elf/bin/ld'
LDFLAGS='  '
LIBOBJS=''
LIBPNG_CFLAGS=''
LIBPNG_LIBS=''
LIBRSVG_CFLAGS=''
LIBRSVG_LIBS=''
LIBS=''
LIBSSTATIC_CONFIG='-lfreetype'
LIBTOOL='$(SHELL) $(top_builddir)/libtool'
LIPO=''
LN_S='ln -s'
LTLIBOBJS=''
LT_SYS_LIBRARY_PATH=''
MANIFEST_TOOL=':'
MKDIR_P='/usr/bin/mkdir -p'
NM='/home/turgu1/.espressif/tools/xtensa-esp-elf/esp-13.2.0_20240530/xtensa-esp-elf/bin/xtensa-esp32-elf-nm -B'
NMEDIT=''
OBJDUMP='xtensa-esp32-elf-objdump'
OBJEXT='o'
OTOOL64=''
OTOOL=''
PACKAGE_BUGREPORT='freetype@nongnu.org'
PACKAGE_NAME='FreeType'
PACKAGE_STRING='FreeType 2.13.3'
PACKAGE_TARNAME='freetype'
PACKAGE_URL=''
PACKAGE_VERSION='2.13.3'
PATH_SEPARATOR=':'
PKGCONFIG_LIBS='-L${libdir} -lfreetype '
PKGCONFIG_LIBS_PRIVATE=''
PKGCONFIG_REQUIRES=' '
PKGCONFIG_REQUIRES_PRIVATE=''
PKG_CONFIG='/usr/bin/pkg-config'
PKG_CONFIG_LIBDIR=''
PKG_CONFIG_PATH=''
PTHREAD_CC='xtensa-esp32-elf-gcc'
PTHREAD_CFLAGS=''
PTHREAD_CXX=''
PTHREAD_LIBS=''
PYTHON='python3'
PYTHON_VERSION='3.12.3'
RANLIB='xtensa-esp32-elf-ranlib'
RC=''
SED='/usr/bin/sed'
SHELL='/bin/bash'
STRIP='xtensa-esp32-elf-strip'
SYSTEM_ZLIB=''
XX_ANSIFLAGS=' -pedantic -std=c99'
XX_CFLAGS='-Wall'
ZLIB_CFLAGS=''
ZLIB_LIBS=''
ac_ct_AR=''
ac_ct_CC=''
ac_ct_DUMPBIN=''
ax_pthread_config=''
bindir='${exec_prefix}/bin'
build='x86_64-pc-linux-gnu'
build_alias=''
build_cpu='x86_64'
build_libtool_libs=''
build_os='linux-gnu'
build_vendor='pc'
datadir='${datarootdir}'
datarootdir='${prefix}/share'
docdir='${datarootdir}/doc/${PACKAGE_TARNAME}'
dvidir='${docdir}'
exec_prefix='${prefix}'
ft_version='26.2.20'
ftmac_c=''
hardcode_libdir_flag_spec='$wl-rpath $wl$libdir'
have_libpng='no'
host='xtensa-esp32-elf'
host_alias='xtensa-esp32-elf'
host_cpu='xtensa'
host_os='elf'
host_vendor='esp32'
htmldir='${docdir}'
includedir='${prefix}/include'
infodir='${datarootdir}/info'
libdir='${exec_prefix}/lib'
libexecdir='${exec_prefix}/libexec'
localedir='${datarootdir}/locale'
localstatedir='${prefix}/var'
mandir='${datarootdir}/man'
oldincludedir='/usr/include'
pdfdir='${docdir}'
prefix='/home/turgu1/Dev/EPub-InkPlate/freetype-distrib/freetype-2.13.3/../../components/freetype'
program_transform_name='s,x,x,'
psdir='${docdir}'
runstatedir='${localstatedir}/run'
sbindir='${exec_prefix}/sbin'
sharedstatedir='${prefix}/com'
sysconfdir='${prefix}/etc'
target='xtensa-esp32-elf'
target_alias=''
target_cpu='xtensa'
target_os='elf'
target_vendor='esp32'
version_info='26:2:20'
wl='-Wl,'

## ----------- ##
## confdefs.h. ##
## ----------- ##

/* confdefs.h */
#define PACKAGE_NAME "FreeType"
#define PACKAGE_TARNAME "freetype"
#define PACKAGE_VERSION "2.13.3"
#define PACKAGE_STRING "FreeType 2.13.3"
#define PACKAGE_BUGREPORT "freetype@nongnu.org"
#define PACKAGE_URL ""
#define HAVE_STDIO_H 1
#define HAVE_STDLIB_H 1
#define HAVE_STRING_H 1
#define HAVE_INTTYPES_H 1
#define HAVE_STDINT_H 1
#define HAVE_STRINGS_H 1
#define HAVE_SYS_STAT_H 1
#define HAVE_SYS_TYPES_H 1
#define HAVE_UNISTD_H 1
#define HAVE_SYS_PARAM_H 1
#define STDC_HEADERS 1
#define LT_OBJDIR ".libs/"
#define HAVE_FCNTL_H 1
#define HAVE_UNISTD_H 1

configure: exit 0
