This file contains any messages produced by compilers while
running configure, to aid debugging if configure makes a mistake.

It was created by FreeType configure 2.14.3, which was
generated by GNU Autoconf 2.72.  Invocation command line was

  $ ./configure --host=xtensa-esp32-elf --prefix=/home/turgu1/Dev/EPub-InkPlate/freetype-distrib/freetype-2.14.3/../../components/freetype --disable-shared --enable-static --with-png=no --with-zlib=no --with-bzip2=no --with-brotli=no --with-harfbuzz=no --with-librsvg=no --with-old-mac-fonts=no --with-fsspec=no --with-fsref=no --with-quickdraw-toolbox=no --with-quickdraw-carbon=no --with-ats=no 'CFLAGS=-mlongcalls -O2'

## --------- ##
## Platform. ##
## --------- ##

hostname = phobos
uname -m = x86_64
uname -r = 6.19.14-200.fc43.x86_64
uname -s = Linux
uname -v = #1 SMP PREEMPT_DYNAMIC Thu Apr 23 17:34:07 UTC 2026

/usr/bin/uname -p = unknown
/bin/uname -X     = unknown

/bin/arch              = x86_64
/usr/bin/arch -k       = unknown
/usr/convex/getsysinfo = unknown
/usr/bin/hostinfo      = unknown
/bin/machine           = unknown
/usr/bin/oslevel       = unknown
/bin/universe          = unknown

PATH: /usr/bin/
PATH: /home/turgu1/.espressif/tools/python/v5.5.4/venv/bin/
PATH: /home/turgu1/.espressif/tools/esp-clang/esp-19.1.2_20250312/esp-clang/bin/
PATH: /home/turgu1/.espressif/tools/esp-rom-elfs/20241011/
PATH: /home/turgu1/.espressif/tools/esp32ulp-elf/2.38_20240113/esp32ulp-elf/bin/
PATH: /home/turgu1/.espressif/tools/esp32ulp-elf/2.38_20240113/esp32ulp-elf/esp32ulp-elf/bin/
PATH: /home/turgu1/.espressif/tools/ninja/1.12.1/
PATH: /home/turgu1/.espressif/tools/openocd-esp32/v0.12.0-esp32-20251215/openocd-esp32/bin/
PATH: /home/turgu1/.espressif/tools/riscv32-esp-elf-gdb/16.3_20250913/riscv32-esp-elf-gdb/bin/
PATH: /home/turgu1/.espressif/tools/riscv32-esp-elf/esp-14.2.0_20260121/riscv32-esp-elf/bin/
PATH: /home/turgu1/.espressif/tools/riscv32-esp-elf/esp-14.2.0_20260121/riscv32-esp-elf/riscv32-esp-elf/bin/
PATH: /home/turgu1/.espressif/tools/xtensa-esp-elf-gdb/16.3_20250913/xtensa-esp-elf-gdb/bin/
PATH: /home/turgu1/.espressif/tools/xtensa-esp-elf/esp-14.2.0_20260121/xtensa-esp-elf/bin/
PATH: /home/turgu1/.espressif/tools/xtensa-esp-elf/esp-14.2.0_20260121/xtensa-esp-elf/xtensa-esp-elf/bin/
PATH: /home/turgu1/.espressif/tools/python/v5.5.4/venv/bin/
PATH: /home/turgu1/.espressif/v5.5.4/esp-idf/components/espcoredump/
PATH: /home/turgu1/.espressif/v5.5.4/esp-idf/components/partition_table/
PATH: /home/turgu1/.espressif/v5.5.4/esp-idf/tools/
PATH: /home/turgu1/.espressif/tools/esp-clang/esp-19.1.2_20250312/esp-clang/bin/
PATH: /home/turgu1/.espressif/tools/esp-rom-elfs/20241011/
PATH: /home/turgu1/.espressif/tools/esp32ulp-elf/2.38_20240113/esp32ulp-elf/bin/
PATH: /home/turgu1/.espressif/tools/esp32ulp-elf/2.38_20240113/esp32ulp-elf/esp32ulp-elf/bin/
PATH: /home/turgu1/.espressif/tools/ninja/1.12.1/
PATH: /home/turgu1/.espressif/tools/openocd-esp32/v0.12.0-esp32-20251215/openocd-esp32/bin/
PATH: /home/turgu1/.espressif/tools/riscv32-esp-elf-gdb/16.3_20250913/riscv32-esp-elf-gdb/bin/
PATH: /home/turgu1/.espressif/tools/riscv32-esp-elf/esp-14.2.0_20260121/riscv32-esp-elf/bin/
PATH: /home/turgu1/.espressif/tools/riscv32-esp-elf/esp-14.2.0_20260121/riscv32-esp-elf/riscv32-esp-elf/bin/
PATH: /home/turgu1/.espressif/tools/xtensa-esp-elf-gdb/16.3_20250913/xtensa-esp-elf-gdb/bin/
PATH: /home/turgu1/.espressif/tools/xtensa-esp-elf/esp-14.2.0_20260121/xtensa-esp-elf/bin/
PATH: /home/turgu1/.espressif/tools/xtensa-esp-elf/esp-14.2.0_20260121/xtensa-esp-elf/xtensa-esp-elf/bin/
PATH: /home/turgu1/.espressif/tools/python/v5.5.4/venv/bin/
PATH: /home/turgu1/.local/bin/
PATH: /home/turgu1/bin/
PATH: /home/turgu1/.cargo/bin/
PATH: /home/turgu1/.local/bin/
PATH: /home/turgu1/bin/
PATH: /usr/lib64/ccache/
PATH: /usr/local/bin/
PATH: /usr/bin/
PATH: /usr/local/sbin/
PATH: /usr/sbin/


## ----------- ##
## Core tests. ##
## ----------- ##

configure:2608: looking for aux files: install-sh ltmain.sh config.guess config.sub
configure:2621:  trying ./
configure:2632:   ./install-sh found
configure:2650:   ./ltmain.sh found
configure:2650:   ./config.guess found
configure:2650:   ./config.sub found
configure:2782: checking build system type
configure:2798: result: x86_64-pc-linux-gnu
configure:2818: checking host system type
configure:2833: result: xtensa-esp32-elf
configure:2874: checking for xtensa-esp32-elf-gcc
configure:2895: found /home/turgu1/.espressif/tools/xtensa-esp-elf/esp-14.2.0_20260121/xtensa-esp-elf/bin/xtensa-esp32-elf-gcc
configure:2907: result: xtensa-esp32-elf-gcc
configure:3312: checking for C compiler version
configure:3321: xtensa-esp32-elf-gcc --version >&5
xtensa-esp-elf-gcc (crosstool-NG esp-14.2.0_20260121) 14.2.0
Copyright (C) 2024 Free Software Foundation, Inc.
This is free software; see the source for copying conditions.  There is NO
warranty; not even for MERCHANTABILITY or FITNESS FOR A PARTICULAR PURPOSE.

configure:3332: $? = 0
configure:3321: xtensa-esp32-elf-gcc -v >&5
Using built-in specs.
COLLECT_GCC=/home/turgu1/.espressif/tools/xtensa-esp-elf/esp-14.2.0_20260121/xtensa-esp-elf/bin/xtensa-esp-elf-gcc
COLLECT_LTO_WRAPPER=/home/turgu1/.espressif/tools/xtensa-esp-elf/esp-14.2.0_20260121/xtensa-esp-elf/bin/../libexec/gcc/xtensa-esp-elf/14.2.0/lto-wrapper
Target: xtensa-esp-elf
Configured with: /builds/idf/crosstool-NG/.build/xtensa-esp-elf/src/gcc/configure --build=x86_64-build_pc-linux-gnu --host=x86_64-build_pc-linux-gnu --target=xtensa-esp-elf --prefix=/builds/idf/crosstool-NG/builds/xtensa-esp-elf --exec_prefix=/builds/idf/crosstool-NG/builds/xtensa-esp-elf --with-local-prefix=/builds/idf/crosstool-NG/builds/xtensa-esp-elf/xtensa-esp-elf --with-sysroot=/builds/idf/crosstool-NG/builds/xtensa-esp-elf/xtensa-esp-elf --with-native-system-header-dir=/include --with-headers=/builds/idf/crosstool-NG/builds/xtensa-esp-elf/xtensa-esp-elf/include --with-newlib --enable-threads=no --disable-shared --with-pkgversion='crosstool-NG esp-14.2.0_20260121' --disable-__cxa_atexit --enable-cxx-flags='-ffunction-sections -fdata-sections' --disable-libgomp --disable-libmudflap --disable-libmpx --disable-libssp --disable-libquadmath --disable-libquadmath-support --disable-libstdcxx-verbose --with-gmp=/builds/idf/crosstool-NG/.build/xtensa-esp-elf/buildtools --with-mpfr=/builds/idf/crosstool-NG/.build/xtensa-esp-elf/buildtools --with-mpc=/builds/idf/crosstool-NG/.build/xtensa-esp-elf/buildtools --with-isl=/builds/idf/crosstool-NG/.build/xtensa-esp-elf/buildtools --enable-lto --enable-target-optspace --without-long-double-128 --enable-plugin --disable-nls --enable-multiarch --enable-languages=c,c++ --disable-libstdcxx-verbose --enable-threads=posix --enable-libstdcxx-time=yes --disable-win32-utf8-manifest
Thread model: posix
Supported LTO compression algorithms: zlib zstd
gcc version 14.2.0 (crosstool-NG esp-14.2.0_20260121) 
configure:3332: $? = 0
configure:3321: xtensa-esp32-elf-gcc -V >&5
xtensa-esp-elf-gcc: error: unrecognized command-line option '-V'
xtensa-esp-elf-gcc: fatal error: no input files
compilation terminated.
configure:3332: $? = 1
configure:3321: xtensa-esp32-elf-gcc -qversion >&5
xtensa-esp-elf-gcc: error: unrecognized command-line option '-qversion'; did you mean '--version'?
xtensa-esp-elf-gcc: fatal error: no input files
compilation terminated.
configure:3332: $? = 1
configure:3321: xtensa-esp32-elf-gcc -version >&5
xtensa-esp-elf-gcc: error: unrecognized command-line option '-version'
xtensa-esp-elf-gcc: fatal error: no input files
compilation terminated.
configure:3332: $? = 1
configure:3352: checking whether the C compiler works
configure:3374: xtensa-esp32-elf-gcc -mlongcalls -O2   conftest.c  >&5
configure:3378: $? = 0
configure:3429: result: yes
configure:3433: checking for C compiler default output file name
configure:3435: result: a.out
configure:3441: checking for suffix of executables
configure:3448: xtensa-esp32-elf-gcc -o conftest -mlongcalls -O2   conftest.c  >&5
configure:3452: $? = 0
configure:3476: result: 
configure:3500: checking whether we are cross compiling
configure:3508: xtensa-esp32-elf-gcc -o conftest -mlongcalls -O2   conftest.c  >&5
/home/turgu1/.espressif/tools/xtensa-esp-elf/esp-14.2.0_20260121/xtensa-esp-elf/bin/../lib/gcc/xtensa-esp-elf/14.2.0/../../../../xtensa-esp-elf/bin/ld: /home/turgu1/.espressif/tools/xtensa-esp-elf/esp-14.2.0_20260121/xtensa-esp-elf/bin/../lib/gcc/xtensa-esp-elf/14.2.0/../../../../xtensa-esp-elf/lib/esp32/libc.a(libc_a-closer.o):(.literal._close_r+0x4): warning: _close is not implemented and will always fail
/home/turgu1/.espressif/tools/xtensa-esp-elf/esp-14.2.0_20260121/xtensa-esp-elf/bin/../lib/gcc/xtensa-esp-elf/14.2.0/../../../../xtensa-esp-elf/bin/ld: /home/turgu1/.espressif/tools/xtensa-esp-elf/esp-14.2.0_20260121/xtensa-esp-elf/bin/../lib/gcc/xtensa-esp-elf/14.2.0/../../../../xtensa-esp-elf/lib/esp32/libc.a(libc_a-fstatr.o):(.literal._fstat_r+0x4): warning: _fstat is not implemented and will always fail
/home/turgu1/.espressif/tools/xtensa-esp-elf/esp-14.2.0_20260121/xtensa-esp-elf/bin/../lib/gcc/xtensa-esp-elf/14.2.0/../../../../xtensa-esp-elf/bin/ld: /home/turgu1/.espressif/tools/xtensa-esp-elf/esp-14.2.0_20260121/xtensa-esp-elf/bin/../lib/gcc/xtensa-esp-elf/14.2.0/../../../../xtensa-esp-elf/lib/esp32/libc.a(libc_a-lseekr.o):(.literal._lseek_r+0x4): warning: _lseek is not implemented and will always fail
/home/turgu1/.espressif/tools/xtensa-esp-elf/esp-14.2.0_20260121/xtensa-esp-elf/bin/../lib/gcc/xtensa-esp-elf/14.2.0/../../../../xtensa-esp-elf/bin/ld: /home/turgu1/.espressif/tools/xtensa-esp-elf/esp-14.2.0_20260121/xtensa-esp-elf/bin/../lib/gcc/xtensa-esp-elf/14.2.0/../../../../xtensa-esp-elf/lib/esp32/libc.a(libc_a-openr.o):(.literal._open_r+0x4): warning: _open is not implemented and will always fail
/home/turgu1/.espressif/tools/xtensa-esp-elf/esp-14.2.0_20260121/xtensa-esp-elf/bin/../lib/gcc/xtensa-esp-elf/14.2.0/../../../../xtensa-esp-elf/bin/ld: /home/turgu1/.espressif/tools/xtensa-esp-elf/esp-14.2.0_20260121/xtensa-esp-elf/bin/../lib/gcc/xtensa-esp-elf/14.2.0/../../../../xtensa-esp-elf/lib/esp32/libc.a(libc_a-readr.o):(.literal._read_r+0x4): warning: _read is not implemented and will always fail
/home/turgu1/.espressif/tools/xtensa-esp-elf/esp-14.2.0_20260121/xtensa-esp-elf/bin/../lib/gcc/xtensa-esp-elf/14.2.0/../../../../xtensa-esp-elf/bin/ld: /home/turgu1/.espressif/tools/xtensa-esp-elf/esp-14.2.0_20260121/xtensa-esp-elf/bin/../lib/gcc/xtensa-esp-elf/14.2.0/../../../../xtensa-esp-elf/lib/esp32/libc.a(libc_a-writer.o):(.literal._write_r+0x4): warning: _write is not implemented and will always fail
/home/turgu1/.espressif/tools/xtensa-esp-elf/esp-14.2.0_20260121/xtensa-esp-elf/bin/../lib/gcc/xtensa-esp-elf/14.2.0/../../../../xtensa-esp-elf/bin/ld: /home/turgu1/.espressif/tools/xtensa-esp-elf/esp-14.2.0_20260121/xtensa-esp-elf/bin/../lib/gcc/xtensa-esp-elf/14.2.0/../../../../xtensa-esp-elf/lib/esp32/libc.a(libc_a-fclose.o):(.literal.fclose+0x0): warning: __getreent is not implemented and will always fail
configure:3512: $? = 0
configure:3519: ./conftest
./configure: line 3521: ./conftest: cannot execute binary file: Exec format error
configure:3523: $? = 126
configure:3538: result: yes
configure:3544: checking for suffix of object files
configure:3567: xtensa-esp32-elf-gcc -c -mlongcalls -O2  conftest.c >&5
configure:3571: $? = 0
configure:3595: result: o
configure:3599: checking whether the compiler supports GNU C
configure:3619: xtensa-esp32-elf-gcc -c -mlongcalls -O2  conftest.c >&5
configure:3619: $? = 0
configure:3631: result: yes
configure:3642: checking whether xtensa-esp32-elf-gcc accepts -g
configure:3663: xtensa-esp32-elf-gcc -c -g  conftest.c >&5
configure:3663: $? = 0
configure:3710: result: yes
configure:3730: checking for xtensa-esp32-elf-gcc option to enable C11 features
configure:3745: xtensa-esp32-elf-gcc  -c -mlongcalls -O2  conftest.c >&5
configure:3745: $? = 0
configure:3764: result: none needed
configure:3887: checking how to run the C preprocessor
configure:3913: xtensa-esp32-elf-gcc -E  conftest.c
configure:3913: $? = 0
configure:3929: xtensa-esp32-elf-gcc -E  conftest.c
conftest.c:9:10: fatal error: ac_nonexistent.h: No such file or directory
    9 | #include <ac_nonexistent.h>
      |          ^~~~~~~~~~~~~~~~~~
compilation terminated.
configure:3929: $? = 1
configure: failed program was:
| /* confdefs.h */
| #define PACKAGE_NAME "FreeType"
| #define PACKAGE_TARNAME "freetype"
| #define PACKAGE_VERSION "2.14.3"
| #define PACKAGE_STRING "FreeType 2.14.3"
| #define PACKAGE_BUGREPORT "freetype@nongnu.org"
| #define PACKAGE_URL ""
| /* end confdefs.h.  */
| #include <ac_nonexistent.h>
configure:3958: result: xtensa-esp32-elf-gcc -E
configure:3972: xtensa-esp32-elf-gcc -E  conftest.c
configure:3972: $? = 0
configure:3988: xtensa-esp32-elf-gcc -E  conftest.c
conftest.c:9:10: fatal error: ac_nonexistent.h: No such file or directory
    9 | #include <ac_nonexistent.h>
      |          ^~~~~~~~~~~~~~~~~~
compilation terminated.
configure:3988: $? = 1
configure: failed program was:
| /* confdefs.h */
| #define PACKAGE_NAME "FreeType"
| #define PACKAGE_TARNAME "freetype"
| #define PACKAGE_VERSION "2.14.3"
| #define PACKAGE_STRING "FreeType 2.14.3"
| #define PACKAGE_BUGREPORT "freetype@nongnu.org"
| #define PACKAGE_URL ""
| /* end confdefs.h.  */
| #include <ac_nonexistent.h>
configure:4033: checking for xtensa-esp32-elf-pkg-config
configure:4072: result: no
configure:4082: checking for pkg-config
configure:4105: found /usr/bin/pkg-config
configure:4118: result: /usr/bin/pkg-config
configure:4130: WARNING: using cross tools not prefixed with host triplet
configure:4143: checking pkg-config is at least version 0.24
configure:4146: result: yes
configure:4203: checking how to print strings
configure:4230: result: printf
configure:4251: checking for a sed that does not truncate output
configure:4323: result: /usr/bin/sed
configure:4341: checking for grep that handles long lines and -e
configure:4407: result: /usr/bin/grep
configure:4412: checking for egrep
configure:4482: result: /usr/bin/grep -E
configure:4489: checking for fgrep
configure:4559: result: /usr/bin/grep -F
configure:4596: checking for ld used by xtensa-esp32-elf-gcc
configure:4665: result: /home/turgu1/.espressif/tools/xtensa-esp-elf/esp-14.2.0_20260121/xtensa-esp-elf/xtensa-esp-elf/bin/ld
configure:4672: checking if the linker (/home/turgu1/.espressif/tools/xtensa-esp-elf/esp-14.2.0_20260121/xtensa-esp-elf/xtensa-esp-elf/bin/ld) is GNU ld
configure:4689: result: yes
configure:4701: checking for BSD- or MS-compatible name lister (nm)
configure:4757: result: /home/turgu1/.espressif/tools/xtensa-esp-elf/esp-14.2.0_20260121/xtensa-esp-elf/bin/xtensa-esp32-elf-nm -B
configure:4899: checking the name lister (/home/turgu1/.espressif/tools/xtensa-esp-elf/esp-14.2.0_20260121/xtensa-esp-elf/bin/xtensa-esp32-elf-nm -B) interface
configure:4907: xtensa-esp32-elf-gcc -c -mlongcalls -O2  conftest.c >&5
configure:4910: /home/turgu1/.espressif/tools/xtensa-esp-elf/esp-14.2.0_20260121/xtensa-esp-elf/bin/xtensa-esp32-elf-nm -B "conftest.o"
configure:4913: output
00000000 B some_variable
configure:4921: result: BSD nm
configure:4924: checking whether ln -s works
configure:4928: result: yes
configure:4936: checking the maximum length of command line arguments
configure:5069: result: 1572864
configure:5117: checking how to convert x86_64-pc-linux-gnu file names to xtensa-esp32-elf format
configure:5159: result: func_convert_file_noop
configure:5166: checking how to convert x86_64-pc-linux-gnu file names to toolchain format
configure:5188: result: func_convert_file_noop
configure:5195: checking for /home/turgu1/.espressif/tools/xtensa-esp-elf/esp-14.2.0_20260121/xtensa-esp-elf/xtensa-esp-elf/bin/ld option to reload object files
configure:5204: result: -r
configure:5237: checking for file
configure:5258: found /usr/bin/file
configure:5271: result: file
configure:5288: checking for xtensa-esp32-elf-objdump
configure:5309: found /home/turgu1/.espressif/tools/xtensa-esp-elf/esp-14.2.0_20260121/xtensa-esp-elf/bin/xtensa-esp32-elf-objdump
configure:5321: result: xtensa-esp32-elf-objdump
configure:5396: checking how to recognize dependent libraries
configure:5605: result: unknown
configure:5650: checking for xtensa-esp32-elf-dlltool
configure:5686: result: no
configure:5696: checking for dlltool
configure:5732: result: no
configure:5759: checking how to associate runtime and link libraries
configure:5788: result: printf %s\n
configure:5803: checking for xtensa-esp32-elf-ranlib
configure:5824: found /home/turgu1/.espressif/tools/xtensa-esp-elf/esp-14.2.0_20260121/xtensa-esp-elf/bin/xtensa-esp32-elf-ranlib
configure:5836: result: xtensa-esp32-elf-ranlib
configure:5909: checking for xtensa-esp32-elf-ar
configure:5930: found /home/turgu1/.espressif/tools/xtensa-esp-elf/esp-14.2.0_20260121/xtensa-esp-elf/bin/xtensa-esp32-elf-ar
configure:5942: result: xtensa-esp32-elf-ar
configure:6045: checking for archiver @FILE support
configure:6063: xtensa-esp32-elf-gcc -c -mlongcalls -O2  conftest.c >&5
configure:6063: $? = 0
configure:6067: xtensa-esp32-elf-ar cr libconftest.a @conftest.lst >&5
configure:6070: $? = 0
configure:6075: xtensa-esp32-elf-ar cr libconftest.a @conftest.lst >&5
/home/turgu1/.espressif/tools/xtensa-esp-elf/esp-14.2.0_20260121/xtensa-esp-elf/bin/xtensa-esp-elf-ar: conftest.o: No such file or directory
configure:6078: $? = 1
configure:6091: result: @
configure:6109: checking for xtensa-esp32-elf-strip
configure:6130: found /home/turgu1/.espressif/tools/xtensa-esp-elf/esp-14.2.0_20260121/xtensa-esp-elf/bin/xtensa-esp32-elf-strip
configure:6142: result: xtensa-esp32-elf-strip
configure:6266: checking for gawk
configure:6287: found /usr/bin/gawk
configure:6299: result: gawk
configure:6339: checking command to parse /home/turgu1/.espressif/tools/xtensa-esp-elf/esp-14.2.0_20260121/xtensa-esp-elf/bin/xtensa-esp32-elf-nm -B output from xtensa-esp32-elf-gcc object
configure:6493: xtensa-esp32-elf-gcc -c -mlongcalls -O2  conftest.c >&5
configure:6496: $? = 0
configure:6500: /home/turgu1/.espressif/tools/xtensa-esp-elf/esp-14.2.0_20260121/xtensa-esp-elf/bin/xtensa-esp32-elf-nm -B conftest.o | /usr/bin/sed -n -e 's/^.*[	 ]\([ABCDGIRSTW][ABCDGIRSTW]*\)[	 ][	 ]*\([_A-Za-z][_A-Za-z0-9]*\)$/\1 \2 \2/p' | /usr/bin/sed '/ __gnu_lto/d' > conftest.nm
configure:6566: xtensa-esp32-elf-gcc -o conftest -mlongcalls -O2   conftest.c conftstm.o >&5
configure:6569: $? = 0
configure:6608: result: ok
configure:6655: checking for sysroot
configure:6689: result: no
configure:6696: checking for a working dd
configure:6741: result: /usr/bin/dd
configure:6745: checking how to truncate binary pipes
configure:6762: result: /usr/bin/dd bs=4096 count=1
configure:7056: checking for xtensa-esp32-elf-mt
configure:7092: result: no
configure:7102: checking for mt
configure:7138: result: no
configure:7158: checking if : is a manifest tool
configure:7165: : '-?'
configure:7174: result: no
configure:7971: checking for stdio.h
configure:7971: xtensa-esp32-elf-gcc -c -mlongcalls -O2  conftest.c >&5
configure:7971: $? = 0
configure:7971: result: yes
configure:7971: checking for stdlib.h
configure:7971: xtensa-esp32-elf-gcc -c -mlongcalls -O2  conftest.c >&5
configure:7971: $? = 0
configure:7971: result: yes
configure:7971: checking for string.h
configure:7971: xtensa-esp32-elf-gcc -c -mlongcalls -O2  conftest.c >&5
configure:7971: $? = 0
configure:7971: result: yes
configure:7971: checking for inttypes.h
configure:7971: xtensa-esp32-elf-gcc -c -mlongcalls -O2  conftest.c >&5
configure:7971: $? = 0
configure:7971: result: yes
configure:7971: checking for stdint.h
configure:7971: xtensa-esp32-elf-gcc -c -mlongcalls -O2  conftest.c >&5
configure:7971: $? = 0
configure:7971: result: yes
configure:7971: checking for strings.h
configure:7971: xtensa-esp32-elf-gcc -c -mlongcalls -O2  conftest.c >&5
configure:7971: $? = 0
configure:7971: result: yes
configure:7971: checking for sys/stat.h
configure:7971: xtensa-esp32-elf-gcc -c -mlongcalls -O2  conftest.c >&5
configure:7971: $? = 0
configure:7971: result: yes
configure:7971: checking for sys/types.h
configure:7971: xtensa-esp32-elf-gcc -c -mlongcalls -O2  conftest.c >&5
configure:7971: $? = 0
configure:7971: result: yes
configure:7971: checking for unistd.h
configure:7971: xtensa-esp32-elf-gcc -c -mlongcalls -O2  conftest.c >&5
configure:7971: $? = 0
configure:7971: result: yes
configure:7971: checking for sys/param.h
configure:7971: xtensa-esp32-elf-gcc -c -mlongcalls -O2  conftest.c >&5
configure:7971: $? = 0
configure:7971: result: yes
configure:7996: checking for dlfcn.h
configure:7996: xtensa-esp32-elf-gcc -c -mlongcalls -O2  conftest.c >&5
conftest.c:49:10: fatal error: dlfcn.h: No such file or directory
   49 | #include <dlfcn.h>
      |          ^~~~~~~~~
compilation terminated.
configure:7996: $? = 1
configure: failed program was:
| /* confdefs.h */
| #define PACKAGE_NAME "FreeType"
| #define PACKAGE_TARNAME "freetype"
| #define PACKAGE_VERSION "2.14.3"
| #define PACKAGE_STRING "FreeType 2.14.3"
| #define PACKAGE_BUGREPORT "freetype@nongnu.org"
| #define PACKAGE_URL ""
| #define HAVE_STDIO_H 1
| #define HAVE_STDLIB_H 1
| #define HAVE_STRING_H 1
| #define HAVE_INTTYPES_H 1
| #define HAVE_STDINT_H 1
| #define HAVE_STRINGS_H 1
| #define HAVE_SYS_STAT_H 1
| #define HAVE_SYS_TYPES_H 1
| #define HAVE_UNISTD_H 1
| #define HAVE_SYS_PARAM_H 1
| #define STDC_HEADERS 1
| /* end confdefs.h.  */
| #include <stddef.h>
| #ifdef HAVE_STDIO_H
| # include <stdio.h>
| #endif
| #ifdef HAVE_STDLIB_H
| # include <stdlib.h>
| #endif
| #ifdef HAVE_STRING_H
| # include <string.h>
| #endif
| #ifdef HAVE_INTTYPES_H
| # include <inttypes.h>
| #endif
| #ifdef HAVE_STDINT_H
| # include <stdint.h>
| #endif
| #ifdef HAVE_STRINGS_H
| # include <strings.h>
| #endif
| #ifdef HAVE_SYS_TYPES_H
| # include <sys/types.h>
| #endif
| #ifdef HAVE_SYS_STAT_H
| # include <sys/stat.h>
| #endif
| #ifdef HAVE_UNISTD_H
| # include <unistd.h>
| #endif
| 
| #include <dlfcn.h>
configure:7996: result: no
configure:8633: checking for objdir
configure:8650: result: .libs
configure:8912: checking if xtensa-esp32-elf-gcc supports -fno-rtti -fno-exceptions
configure:8931: xtensa-esp32-elf-gcc -c -mlongcalls -O2  -fno-rtti -fno-exceptions conftest.c >&5
cc1: warning: command-line option '-fno-rtti' is valid for C++/D/ObjC++ but not for C
configure:8935: $? = 0
configure:8949: result: no
configure:9322: checking for xtensa-esp32-elf-gcc option to produce PIC
configure:9331: result: -fPIC -DPIC
configure:9339: checking if xtensa-esp32-elf-gcc PIC flag -fPIC -DPIC works
configure:9358: xtensa-esp32-elf-gcc -c -mlongcalls -O2  -fPIC -DPIC -DPIC conftest.c >&5
configure:9362: $? = 0
configure:9376: result: yes
configure:9405: checking if xtensa-esp32-elf-gcc static flag -static works
configure:9435: result: yes
configure:9450: checking if xtensa-esp32-elf-gcc supports -c -o file.o
configure:9472: xtensa-esp32-elf-gcc -c -mlongcalls -O2  -o out/conftest2.o conftest.c >&5
configure:9476: $? = 0
configure:9499: result: yes
configure:9507: checking if xtensa-esp32-elf-gcc supports -c -o file.o
configure:9556: result: yes
configure:9589: checking whether the xtensa-esp32-elf-gcc linker (/home/turgu1/.espressif/tools/xtensa-esp-elf/esp-14.2.0_20260121/xtensa-esp-elf/xtensa-esp-elf/bin/ld) supports shared libraries
configure:10873: result: yes
configure:11115: checking dynamic linker characteristics
configure:12499: result: no
configure:12621: checking how to hardcode library paths into programs
configure:12646: result: immediate
configure:13246: checking whether stripping libraries is possible
configure:13255: result: yes
configure:13297: checking if libtool supports shared libraries
configure:13299: result: no
configure:13302: checking whether to build shared libraries
configure:13327: result: no
configure:13330: checking whether to build static libraries
configure:13334: result: yes
configure:13371: checking for windows.h
configure:13371: xtensa-esp32-elf-gcc -c -mlongcalls -O2  conftest.c >&5
conftest.c:49:10: fatal error: windows.h: No such file or directory
   49 | #include <windows.h>
      |          ^~~~~~~~~~~
compilation terminated.
configure:13371: $? = 1
configure: failed program was:
| /* confdefs.h */
| #define PACKAGE_NAME "FreeType"
| #define PACKAGE_TARNAME "freetype"
| #define PACKAGE_VERSION "2.14.3"
| #define PACKAGE_STRING "FreeType 2.14.3"
| #define PACKAGE_BUGREPORT "freetype@nongnu.org"
| #define PACKAGE_URL ""
| #define HAVE_STDIO_H 1
| #define HAVE_STDLIB_H 1
| #define HAVE_STRING_H 1
| #define HAVE_INTTYPES_H 1
| #define HAVE_STDINT_H 1
| #define HAVE_STRINGS_H 1
| #define HAVE_SYS_STAT_H 1
| #define HAVE_SYS_TYPES_H 1
| #define HAVE_UNISTD_H 1
| #define HAVE_SYS_PARAM_H 1
| #define STDC_HEADERS 1
| #define LT_OBJDIR ".libs/"
| /* end confdefs.h.  */
| #include <stddef.h>
| #ifdef HAVE_STDIO_H
| # include <stdio.h>
| #endif
| #ifdef HAVE_STDLIB_H
| # include <stdlib.h>
| #endif
| #ifdef HAVE_STRING_H
| # include <string.h>
| #endif
| #ifdef HAVE_INTTYPES_H
| # include <inttypes.h>
| #endif
| #ifdef HAVE_STDINT_H
| # include <stdint.h>
| #endif
| #ifdef HAVE_STRINGS_H
| # include <strings.h>
| #endif
| #ifdef HAVE_SYS_TYPES_H
| # include <sys/types.h>
| #endif
| #ifdef HAVE_SYS_STAT_H
| # include <sys/stat.h>
| #endif
| #ifdef HAVE_UNISTD_H
| # include <unistd.h>
| #endif
| #include <windows.h>
configure:13371: result: no
configure:13564: checking for x86_64-pc-linux-gnu-gcc
configure:13600: result: no
configure:13607: checking for gcc
configure:13628: found /usr/bin/gcc
configure:13640: result: gcc
configure:13650: checking for gcc
configure:13700: result: gcc
configure:13710: checking for gcc
configure:13743: result: gcc
configure:13753: checking for suffix of native executables
configure:13767: result: 
configure:13804: checking for a BSD-compatible install
configure:13878: result: /usr/bin/install -c
configure:13898: checking for a race-free mkdir -p
configure:13941: result: /usr/bin/mkdir -p
configure:13955: checking for fcntl.h
configure:13955: xtensa-esp32-elf-gcc -c -mlongcalls -O2  conftest.c >&5
configure:13955: $? = 0
configure:13955: result: yes
configure:13961: checking for unistd.h
configure:13961: result: yes
configure:13972: checking for an ANSI C-conforming const
configure:14039: xtensa-esp32-elf-gcc -c -mlongcalls -O2  conftest.c >&5
configure:14039: $? = 0
configure:14049: result: yes
configure:14084: checking for xtensa-esp32-elf-gcc option to enable large file support
configure:14119: xtensa-esp32-elf-gcc -c -mlongcalls -O2  conftest.c >&5
conftest.c:31:39: warning: result of '-2147483648 << 31' requires 63 bits to represent, but 'long int' only has 32 bits [-Wshift-overflow=]
   31 | #define LARGE_FTYPE (((FTYPE) 1 << 31 << 31) - 1 + ((FTYPE) 1 << 31 << 31))
      |                                       ^~
conftest.c:32:23: note: in expansion of macro 'LARGE_FTYPE'
   32 |   int FTYPE_is_large[(LARGE_FTYPE % 2147483629 == 721
      |                       ^~~~~~~~~~~
conftest.c:31:69: warning: result of '-2147483648 << 31' requires 63 bits to represent, but 'long int' only has 32 bits [-Wshift-overflow=]
   31 | #define LARGE_FTYPE (((FTYPE) 1 << 31 << 31) - 1 + ((FTYPE) 1 << 31 << 31))
      |                                                                     ^~
conftest.c:32:23: note: in expansion of macro 'LARGE_FTYPE'
   32 |   int FTYPE_is_large[(LARGE_FTYPE % 2147483629 == 721
      |                       ^~~~~~~~~~~
conftest.c:31:39: warning: result of '-2147483648 << 31' requires 63 bits to represent, but 'long int' only has 32 bits [-Wshift-overflow=]
   31 | #define LARGE_FTYPE (((FTYPE) 1 << 31 << 31) - 1 + ((FTYPE) 1 << 31 << 31))
      |                                       ^~
conftest.c:33:27: note: in expansion of macro 'LARGE_FTYPE'
   33 |                        && LARGE_FTYPE % 2147483647 == 1)
      |                           ^~~~~~~~~~~
conftest.c:31:69: warning: result of '-2147483648 << 31' requires 63 bits to represent, but 'long int' only has 32 bits [-Wshift-overflow=]
   31 | #define LARGE_FTYPE (((FTYPE) 1 << 31 << 31) - 1 + ((FTYPE) 1 << 31 << 31))
      |                                                                     ^~
conftest.c:33:27: note: in expansion of macro 'LARGE_FTYPE'
   33 |                        && LARGE_FTYPE % 2147483647 == 1)
      |                           ^~~~~~~~~~~
conftest.c:32:7: error: variably modified 'FTYPE_is_large' at file scope
   32 |   int FTYPE_is_large[(LARGE_FTYPE % 2147483629 == 721
      |       ^~~~~~~~~~~~~~
configure:14119: $? = 1
configure: failed program was:
| /* confdefs.h */
| #define PACKAGE_NAME "FreeType"
| #define PACKAGE_TARNAME "freetype"
| #define PACKAGE_VERSION "2.14.3"
| #define PACKAGE_STRING "FreeType 2.14.3"
| #define PACKAGE_BUGREPORT "freetype@nongnu.org"
| #define PACKAGE_URL ""
| #define HAVE_STDIO_H 1
| #define HAVE_STDLIB_H 1
| #define HAVE_STRING_H 1
| #define HAVE_INTTYPES_H 1
| #define HAVE_STDINT_H 1
| #define HAVE_STRINGS_H 1
| #define HAVE_SYS_STAT_H 1
| #define HAVE_SYS_TYPES_H 1
| #define HAVE_UNISTD_H 1
| #define HAVE_SYS_PARAM_H 1
| #define STDC_HEADERS 1
| #define LT_OBJDIR ".libs/"
| #define HAVE_FCNTL_H 1
| #define HAVE_UNISTD_H 1
| /* end confdefs.h.  */
| #include <sys/types.h>
| #ifndef FTYPE
| # define FTYPE off_t
| #endif
|  /* Check that FTYPE can represent 2**63 - 1 correctly.
|     We can't simply define LARGE_FTYPE to be 9223372036854775807,
|     since some C++ compilers masquerading as C compilers
|     incorrectly reject 9223372036854775807.  */
| #define LARGE_FTYPE (((FTYPE) 1 << 31 << 31) - 1 + ((FTYPE) 1 << 31 << 31))
|   int FTYPE_is_large[(LARGE_FTYPE % 2147483629 == 721
| 		       && LARGE_FTYPE % 2147483647 == 1)
| 		      ? 1 : -1];
| int
| main (void)
| {
| 
|   ;
|   return 0;
| }
configure:14119: xtensa-esp32-elf-gcc -D_FILE_OFFSET_BITS=64 -c -mlongcalls -O2  conftest.c >&5
conftest.c:31:39: warning: result of '-2147483648 << 31' requires 63 bits to represent, but 'long int' only has 32 bits [-Wshift-overflow=]
   31 | #define LARGE_FTYPE (((FTYPE) 1 << 31 << 31) - 1 + ((FTYPE) 1 << 31 << 31))
      |                                       ^~
conftest.c:32:23: note: in expansion of macro 'LARGE_FTYPE'
   32 |   int FTYPE_is_large[(LARGE_FTYPE % 2147483629 == 721
      |                       ^~~~~~~~~~~
conftest.c:31:69: warning: result of '-2147483648 << 31' requires 63 bits to represent, but 'long int' only has 32 bits [-Wshift-overflow=]
   31 | #define LARGE_FTYPE (((FTYPE) 1 << 31 << 31) - 1 + ((FTYPE) 1 << 31 << 31))
      |                                                                     ^~
conftest.c:32:23: note: in expansion of macro 'LARGE_FTYPE'
   32 |   int FTYPE_is_large[(LARGE_FTYPE % 2147483629 == 721
      |                       ^~~~~~~~~~~
conftest.c:31:39: warning: result of '-2147483648 << 31' requires 63 bits to represent, but 'long int' only has 32 bits [-Wshift-overflow=]
   31 | #define LARGE_FTYPE (((FTYPE) 1 << 31 << 31) - 1 + ((FTYPE) 1 << 31 << 31))
      |                                       ^~
conftest.c:33:27: note: in expansion of macro 'LARGE_FTYPE'
   33 |                        && LARGE_FTYPE % 2147483647 == 1)
      |                           ^~~~~~~~~~~
conftest.c:31:69: warning: result of '-2147483648 << 31' requires 63 bits to represent, but 'long int' only has 32 bits [-Wshift-overflow=]
   31 | #define LARGE_FTYPE (((FTYPE) 1 << 31 << 31) - 1 + ((FTYPE) 1 << 31 << 31))
      |                                                                     ^~
conftest.c:33:27: note: in expansion of macro 'LARGE_FTYPE'
   33 |                        && LARGE_FTYPE % 2147483647 == 1)
      |                           ^~~~~~~~~~~
conftest.c:32:7: error: variably modified 'FTYPE_is_large' at file scope
   32 |   int FTYPE_is_large[(LARGE_FTYPE % 2147483629 == 721
      |       ^~~~~~~~~~~~~~
configure:14119: $? = 1
configure: failed program was:
| /* confdefs.h */
| #define PACKAGE_NAME "FreeType"
| #define PACKAGE_TARNAME "freetype"
| #define PACKAGE_VERSION "2.14.3"
| #define PACKAGE_STRING "FreeType 2.14.3"
| #define PACKAGE_BUGREPORT "freetype@nongnu.org"
| #define PACKAGE_URL ""
| #define HAVE_STDIO_H 1
| #define HAVE_STDLIB_H 1
| #define HAVE_STRING_H 1
| #define HAVE_INTTYPES_H 1
| #define HAVE_STDINT_H 1
| #define HAVE_STRINGS_H 1
| #define HAVE_SYS_STAT_H 1
| #define HAVE_SYS_TYPES_H 1
| #define HAVE_UNISTD_H 1
| #define HAVE_SYS_PARAM_H 1
| #define STDC_HEADERS 1
| #define LT_OBJDIR ".libs/"
| #define HAVE_FCNTL_H 1
| #define HAVE_UNISTD_H 1
| /* end confdefs.h.  */
| #include <sys/types.h>
| #ifndef FTYPE
| # define FTYPE off_t
| #endif
|  /* Check that FTYPE can represent 2**63 - 1 correctly.
|     We can't simply define LARGE_FTYPE to be 9223372036854775807,
|     since some C++ compilers masquerading as C compilers
|     incorrectly reject 9223372036854775807.  */
| #define LARGE_FTYPE (((FTYPE) 1 << 31 << 31) - 1 + ((FTYPE) 1 << 31 << 31))
|   int FTYPE_is_large[(LARGE_FTYPE % 2147483629 == 721
| 		       && LARGE_FTYPE % 2147483647 == 1)
| 		      ? 1 : -1];
| int
| main (void)
| {
| 
|   ;
|   return 0;
| }
configure:14119: xtensa-esp32-elf-gcc -D_LARGE_FILES=1 -c -mlongcalls -O2  conftest.c >&5
conftest.c:31:39: warning: result of '-2147483648 << 31' requires 63 bits to represent, but 'long int' only has 32 bits [-Wshift-overflow=]
   31 | #define LARGE_FTYPE (((FTYPE) 1 << 31 << 31) - 1 + ((FTYPE) 1 << 31 << 31))
      |                                       ^~
conftest.c:32:23: note: in expansion of macro 'LARGE_FTYPE'
   32 |   int FTYPE_is_large[(LARGE_FTYPE % 2147483629 == 721
      |                       ^~~~~~~~~~~
conftest.c:31:69: warning: result of '-2147483648 << 31' requires 63 bits to represent, but 'long int' only has 32 bits [-Wshift-overflow=]
   31 | #define LARGE_FTYPE (((FTYPE) 1 << 31 << 31) - 1 + ((FTYPE) 1 << 31 << 31))
      |                                                                     ^~
conftest.c:32:23: note: in expansion of macro 'LARGE_FTYPE'
   32 |   int FTYPE_is_large[(LARGE_FTYPE % 2147483629 == 721
      |                       ^~~~~~~~~~~
conftest.c:31:39: warning: result of '-2147483648 << 31' requires 63 bits to represent, but 'long int' only has 32 bits [-Wshift-overflow=]
   31 | #define LARGE_FTYPE (((FTYPE) 1 << 31 << 31) - 1 + ((FTYPE) 1 << 31 << 31))
      |                                       ^~
conftest.c:33:27: note: in expansion of macro 'LARGE_FTYPE'
   33 |                        && LARGE_FTYPE % 2147483647 == 1)
      |                           ^~~~~~~~~~~
conftest.c:31:69: warning: result of '-2147483648 << 31' requires 63 bits to represent, but 'long int' only has 32 bits [-Wshift-overflow=]
   31 | #define LARGE_FTYPE (((FTYPE) 1 << 31 << 31) - 1 + ((FTYPE) 1 << 31 << 31))
      |                                                                     ^~
conftest.c:33:27: note: in expansion of macro 'LARGE_FTYPE'
   33 |                        && LARGE_FTYPE % 2147483647 == 1)
      |                           ^~~~~~~~~~~
conftest.c:32:7: error: variably modified 'FTYPE_is_large' at file scope
   32 |   int FTYPE_is_large[(LARGE_FTYPE % 2147483629 == 721
      |       ^~~~~~~~~~~~~~
configure:14119: $? = 1
configure: failed program was:
| /* confdefs.h */
| #define PACKAGE_NAME "FreeType"
| #define PACKAGE_TARNAME "freetype"
| #define PACKAGE_VERSION "2.14.3"
| #define PACKAGE_STRING "FreeType 2.14.3"
| #define PACKAGE_BUGREPORT "freetype@nongnu.org"
| #define PACKAGE_URL ""
| #define HAVE_STDIO_H 1
| #define HAVE_STDLIB_H 1
| #define HAVE_STRING_H 1
| #define HAVE_INTTYPES_H 1
| #define HAVE_STDINT_H 1
| #define HAVE_STRINGS_H 1
| #define HAVE_SYS_STAT_H 1
| #define HAVE_SYS_TYPES_H 1
| #define HAVE_UNISTD_H 1
| #define HAVE_SYS_PARAM_H 1
| #define STDC_HEADERS 1
| #define LT_OBJDIR ".libs/"
| #define HAVE_FCNTL_H 1
| #define HAVE_UNISTD_H 1
| /* end confdefs.h.  */
| #include <sys/types.h>
| #ifndef FTYPE
| # define FTYPE off_t
| #endif
|  /* Check that FTYPE can represent 2**63 - 1 correctly.
|     We can't simply define LARGE_FTYPE to be 9223372036854775807,
|     since some C++ compilers masquerading as C compilers
|     incorrectly reject 9223372036854775807.  */
| #define LARGE_FTYPE (((FTYPE) 1 << 31 << 31) - 1 + ((FTYPE) 1 << 31 << 31))
|   int FTYPE_is_large[(LARGE_FTYPE % 2147483629 == 721
| 		       && LARGE_FTYPE % 2147483647 == 1)
| 		      ? 1 : -1];
| int
| main (void)
| {
| 
|   ;
|   return 0;
| }
configure:14119: xtensa-esp32-elf-gcc -n32 -c -mlongcalls -O2  conftest.c >&5
xtensa-esp-elf-gcc: error: unrecognized command-line option '-n32'
configure:14119: $? = 1
configure: failed program was:
| /* confdefs.h */
| #define PACKAGE_NAME "FreeType"
| #define PACKAGE_TARNAME "freetype"
| #define PACKAGE_VERSION "2.14.3"
| #define PACKAGE_STRING "FreeType 2.14.3"
| #define PACKAGE_BUGREPORT "freetype@nongnu.org"
| #define PACKAGE_URL ""
| #define HAVE_STDIO_H 1
| #define HAVE_STDLIB_H 1
| #define HAVE_STRING_H 1
| #define HAVE_INTTYPES_H 1
| #define HAVE_STDINT_H 1
| #define HAVE_STRINGS_H 1
| #define HAVE_SYS_STAT_H 1
| #define HAVE_SYS_TYPES_H 1
| #define HAVE_UNISTD_H 1
| #define HAVE_SYS_PARAM_H 1
| #define STDC_HEADERS 1
| #define LT_OBJDIR ".libs/"
| #define HAVE_FCNTL_H 1
| #define HAVE_UNISTD_H 1
| /* end confdefs.h.  */
| #include <sys/types.h>
| #ifndef FTYPE
| # define FTYPE off_t
| #endif
|  /* Check that FTYPE can represent 2**63 - 1 correctly.
|     We can't simply define LARGE_FTYPE to be 9223372036854775807,
|     since some C++ compilers masquerading as C compilers
|     incorrectly reject 9223372036854775807.  */
| #define LARGE_FTYPE (((FTYPE) 1 << 31 << 31) - 1 + ((FTYPE) 1 << 31 << 31))
|   int FTYPE_is_large[(LARGE_FTYPE % 2147483629 == 721
| 		       && LARGE_FTYPE % 2147483647 == 1)
| 		      ? 1 : -1];
| int
| main (void)
| {
| 
|   ;
|   return 0;
| }
configure:14150: result: support not detected
configure:14282: checking for getpagesize
configure:14282: xtensa-esp32-elf-gcc -o conftest -mlongcalls -O2   conftest.c  >&5
/home/turgu1/.espressif/tools/xtensa-esp-elf/esp-14.2.0_20260121/xtensa-esp-elf/bin/../lib/gcc/xtensa-esp-elf/14.2.0/../../../../xtensa-esp-elf/bin/ld: /tmp/ccQ2s9MU.o:(.literal.startup+0x0): undefined reference to `getpagesize'
/home/turgu1/.espressif/tools/xtensa-esp-elf/esp-14.2.0_20260121/xtensa-esp-elf/bin/../lib/gcc/xtensa-esp-elf/14.2.0/../../../../xtensa-esp-elf/bin/ld: /tmp/ccQ2s9MU.o: in function `main':
conftest.c:(.text.startup+0x3): undefined reference to `getpagesize'
collect2: error: ld returned 1 exit status
configure:14282: $? = 1
configure: failed program was:
| /* confdefs.h */
| #define PACKAGE_NAME "FreeType"
| #define PACKAGE_TARNAME "freetype"
| #define PACKAGE_VERSION "2.14.3"
| #define PACKAGE_STRING "FreeType 2.14.3"
| #define PACKAGE_BUGREPORT "freetype@nongnu.org"
| #define PACKAGE_URL ""
| #define HAVE_STDIO_H 1
| #define HAVE_STDLIB_H 1
| #define HAVE_STRING_H 1
| #define HAVE_INTTYPES_H 1
| #define HAVE_STDINT_H 1
| #define HAVE_STRINGS_H 1
| #define HAVE_SYS_STAT_H 1
| #define HAVE_SYS_TYPES_H 1
| #define HAVE_UNISTD_H 1
| #define HAVE_SYS_PARAM_H 1
| #define STDC_HEADERS 1
| #define LT_OBJDIR ".libs/"
| #define HAVE_FCNTL_H 1
| #define HAVE_UNISTD_H 1
| /* end confdefs.h.  */
| /* Define getpagesize to an innocuous variant, in case <limits.h> declares getpagesize.
|    For example, HP-UX 11i <limits.h> declares gettimeofday.  */
| #define getpagesize innocuous_getpagesize
| 
| /* System header to define __stub macros and hopefully few prototypes,
|    which can conflict with char getpagesize (void); below.  */
| 
| #include <limits.h>
| #undef getpagesize
| 
| /* Override any GCC internal prototype to avoid an error.
|    Use char because int might match the return type of a GCC
|    builtin and then its argument prototype would still apply.  */
| #ifdef __cplusplus
| extern "C"
| #endif
| char getpagesize (void);
| /* The GNU C library defines this for functions which it implements
|     to always fail with ENOSYS.  Some functions are actually named
|     something starting with __ and the normal name is an alias.  */
| #if defined __stub_getpagesize || defined __stub___getpagesize
| choke me
| #endif
| 
| int
| main (void)
| {
| return getpagesize ();
|   ;
|   return 0;
| }
configure:14282: result: no
configure:14293: checking for working mmap
configure:14457: result: no
configure:14631: checking xtensa-esp32-elf-gcc compiler flag -pedantic to assure ANSI C99 works correctly
configure:14658: xtensa-esp32-elf-gcc -c -mlongcalls -O2  -pedantic  conftest.c >&5
configure:14658: $? = 0
configure:14660: result: ok, adding to XX_ANSIFLAGS
configure:14631: checking xtensa-esp32-elf-gcc compiler flag -std=c99 to assure ANSI C99 works correctly
configure:14658: xtensa-esp32-elf-gcc -c -mlongcalls -O2  -pedantic -std=c99  conftest.c >&5
configure:14658: $? = 0
configure:14660: result: ok, adding to XX_ANSIFLAGS
configure:14695: checking for -fvisibility=hidden compiler flag
configure:14719: xtensa-esp32-elf-gcc -c -mlongcalls -O2 -fvisibility=hidden -Werror  conftest.c >&5
configure:14719: $? = 0
configure:14723: result: yes
configure:15707: checking for library containing clock_gettime
configure:15743: xtensa-esp32-elf-gcc -o conftest -mlongcalls -O2 -fvisibility=hidden   conftest.c  >&5
configure:15743: $? = 0
configure:15765: result: none required
configure:16174: WARNING:
*** WARNING
    FreeType2 built without FSRef API cannot load
    data-fork fonts on MacOS, except of XXX.dfont.
    
configure:16462: WARNING:
*** WARNING
    FSSpec/FSRef/QuickDraw/ATS options are explicitly given,
    thus it is recommended to replace src/base/ftmac.c by builds/mac/ftmac.c.
    
configure:16480: checking target system type
configure:16495: result: xtensa-esp32-elf
configure:16522: checking for egrep -e
configure:16652: result: /usr/bin/grep -E
configure:16822: checking whether xtensa-esp32-elf-gcc is Clang
configure:16850: result: no
configure:16916: checking whether pthreads work with "-pthread" and "-lpthread"
configure:17028: xtensa-esp32-elf-gcc -o conftest -mlongcalls -O2 -fvisibility=hidden -DHAVE_FSSPEC=0 -DHAVE_FSREF=0 -DHAVE_QUICKDRAW_TOOLBOX=0 -DHAVE_QUICKDRAW_CARBON=0 -DHAVE_ATS=0 -I$(TOP_DIR)/builds/mac/ -pthread   conftest.c -lpthread  >&5
xtensa-esp-elf-gcc: error: unrecognized command-line option '-pthread'; did you mean '-fpthread'?
configure:17028: $? = 1
configure: failed program was:
| /* confdefs.h */
| #define PACKAGE_NAME "FreeType"
| #define PACKAGE_TARNAME "freetype"
| #define PACKAGE_VERSION "2.14.3"
| #define PACKAGE_STRING "FreeType 2.14.3"
| #define PACKAGE_BUGREPORT "freetype@nongnu.org"
| #define PACKAGE_URL ""
| #define HAVE_STDIO_H 1
| #define HAVE_STDLIB_H 1
| #define HAVE_STRING_H 1
| #define HAVE_INTTYPES_H 1
| #define HAVE_STDINT_H 1
| #define HAVE_STRINGS_H 1
| #define HAVE_SYS_STAT_H 1
| #define HAVE_SYS_TYPES_H 1
| #define HAVE_UNISTD_H 1
| #define HAVE_SYS_PARAM_H 1
| #define STDC_HEADERS 1
| #define LT_OBJDIR ".libs/"
| #define HAVE_FCNTL_H 1
| #define HAVE_UNISTD_H 1
| /* end confdefs.h.  */
| #include <pthread.h>
| #                       if 0
| #                        error "-- must be defined"
| #                       endif
|                         static void *some_global = NULL;
|                         static void routine(void *a)
|                           {
|                              /* To avoid any unused-parameter or
|                                 unused-but-set-parameter warning.  */
|                              some_global = a;
|                           }
|                         static void *start_routine(void *a) { return a; }
| int
| main (void)
| {
| pthread_t th; pthread_attr_t attr;
|                         pthread_create(&th, 0, start_routine, 0);
|                         pthread_join(th, 0);
|                         pthread_attr_init(&attr);
|                         pthread_cleanup_push(routine, 0);
|                         pthread_cleanup_pop(0) /* ; */
|   ;
|   return 0;
| }
configure:17038: result: no
configure:16921: checking whether pthreads work with -pthread
configure:17028: xtensa-esp32-elf-gcc -o conftest -mlongcalls -O2 -fvisibility=hidden -DHAVE_FSSPEC=0 -DHAVE_FSREF=0 -DHAVE_QUICKDRAW_TOOLBOX=0 -DHAVE_QUICKDRAW_CARBON=0 -DHAVE_ATS=0 -I$(TOP_DIR)/builds/mac/ -pthread   conftest.c   >&5
xtensa-esp-elf-gcc: error: unrecognized command-line option '-pthread'; did you mean '-fpthread'?
configure:17028: $? = 1
configure: failed program was:
| /* confdefs.h */
| #define PACKAGE_NAME "FreeType"
| #define PACKAGE_TARNAME "freetype"
| #define PACKAGE_VERSION "2.14.3"
| #define PACKAGE_STRING "FreeType 2.14.3"
| #define PACKAGE_BUGREPORT "freetype@nongnu.org"
| #define PACKAGE_URL ""
| #define HAVE_STDIO_H 1
| #define HAVE_STDLIB_H 1
| #define HAVE_STRING_H 1
| #define HAVE_INTTYPES_H 1
| #define HAVE_STDINT_H 1
| #define HAVE_STRINGS_H 1
| #define HAVE_SYS_STAT_H 1
| #define HAVE_SYS_TYPES_H 1
| #define HAVE_UNISTD_H 1
| #define HAVE_SYS_PARAM_H 1
| #define STDC_HEADERS 1
| #define LT_OBJDIR ".libs/"
| #define HAVE_FCNTL_H 1
| #define HAVE_UNISTD_H 1
| /* end confdefs.h.  */
| #include <pthread.h>
| #                       if 0
| #                        error "-- must be defined"
| #                       endif
|                         static void *some_global = NULL;
|                         static void routine(void *a)
|                           {
|                              /* To avoid any unused-parameter or
|                                 unused-but-set-parameter warning.  */
|                              some_global = a;
|                           }
|                         static void *start_routine(void *a) { return a; }
| int
| main (void)
| {
| pthread_t th; pthread_attr_t attr;
|                         pthread_create(&th, 0, start_routine, 0);
|                         pthread_join(th, 0);
|                         pthread_attr_init(&attr);
|                         pthread_cleanup_push(routine, 0);
|                         pthread_cleanup_pop(0) /* ; */
|   ;
|   return 0;
| }
configure:17038: result: no
configure:16921: checking whether pthreads work with -pthreads
configure:17028: xtensa-esp32-elf-gcc -o conftest -mlongcalls -O2 -fvisibility=hidden -DHAVE_FSSPEC=0 -DHAVE_FSREF=0 -DHAVE_QUICKDRAW_TOOLBOX=0 -DHAVE_QUICKDRAW_CARBON=0 -DHAVE_ATS=0 -I$(TOP_DIR)/builds/mac/ -pthreads   conftest.c   >&5
xtensa-esp-elf-gcc: error: unrecognized command-line option '-pthreads'; did you mean '-fpthread'?
configure:17028: $? = 1
configure: failed program was:
| /* confdefs.h */
| #define PACKAGE_NAME "FreeType"
| #define PACKAGE_TARNAME "freetype"
| #define PACKAGE_VERSION "2.14.3"
| #define PACKAGE_STRING "FreeType 2.14.3"
| #define PACKAGE_BUGREPORT "freetype@nongnu.org"
| #define PACKAGE_URL ""
| #define HAVE_STDIO_H 1
| #define HAVE_STDLIB_H 1
| #define HAVE_STRING_H 1
| #define HAVE_INTTYPES_H 1
| #define HAVE_STDINT_H 1
| #define HAVE_STRINGS_H 1
| #define HAVE_SYS_STAT_H 1
| #define HAVE_SYS_TYPES_H 1
| #define HAVE_UNISTD_H 1
| #define HAVE_SYS_PARAM_H 1
| #define STDC_HEADERS 1
| #define LT_OBJDIR ".libs/"
| #define HAVE_FCNTL_H 1
| #define HAVE_UNISTD_H 1
| /* end confdefs.h.  */
| #include <pthread.h>
| #                       if 0
| #                        error "-- must be defined"
| #                       endif
|                         static void *some_global = NULL;
|                         static void routine(void *a)
|                           {
|                              /* To avoid any unused-parameter or
|                                 unused-but-set-parameter warning.  */
|                              some_global = a;
|                           }
|                         static void *start_routine(void *a) { return a; }
| int
| main (void)
| {
| pthread_t th; pthread_attr_t attr;
|                         pthread_create(&th, 0, start_routine, 0);
|                         pthread_join(th, 0);
|                         pthread_attr_init(&attr);
|                         pthread_cleanup_push(routine, 0);
|                         pthread_cleanup_pop(0) /* ; */
|   ;
|   return 0;
| }
configure:17038: result: no
configure:16980: checking for the pthreads library -lpthreads
configure:17028: xtensa-esp32-elf-gcc -o conftest -mlongcalls -O2 -fvisibility=hidden -DHAVE_FSSPEC=0 -DHAVE_FSREF=0 -DHAVE_QUICKDRAW_TOOLBOX=0 -DHAVE_QUICKDRAW_CARBON=0 -DHAVE_ATS=0 -I$(TOP_DIR)/builds/mac/    conftest.c -lpthreads  >&5
/home/turgu1/.espressif/tools/xtensa-esp-elf/esp-14.2.0_20260121/xtensa-esp-elf/bin/../lib/gcc/xtensa-esp-elf/14.2.0/../../../../xtensa-esp-elf/bin/ld: cannot find -lpthreads: No such file or directory
/home/turgu1/.espressif/tools/xtensa-esp-elf/esp-14.2.0_20260121/xtensa-esp-elf/bin/../lib/gcc/xtensa-esp-elf/14.2.0/../../../../xtensa-esp-elf/bin/ld: /tmp/ccY65jyb.o:(.literal.startup+0x18): warning: _pthread_cleanup_pop is not implemented and will always fail
/home/turgu1/.espressif/tools/xtensa-esp-elf/esp-14.2.0_20260121/xtensa-esp-elf/bin/../lib/gcc/xtensa-esp-elf/14.2.0/../../../../xtensa-esp-elf/bin/ld: /tmp/ccY65jyb.o:(.literal.startup+0x14): warning: _pthread_cleanup_push is not implemented and will always fail
/home/turgu1/.espressif/tools/xtensa-esp-elf/esp-14.2.0_20260121/xtensa-esp-elf/bin/../lib/gcc/xtensa-esp-elf/14.2.0/../../../../xtensa-esp-elf/bin/ld: /tmp/ccY65jyb.o:(.literal.startup+0x10): warning: pthread_attr_init is not implemented and will always fail
/home/turgu1/.espressif/tools/xtensa-esp-elf/esp-14.2.0_20260121/xtensa-esp-elf/bin/../lib/gcc/xtensa-esp-elf/14.2.0/../../../../xtensa-esp-elf/bin/ld: /tmp/ccY65jyb.o:(.literal.startup+0x8): warning: pthread_create is not implemented and will always fail
/home/turgu1/.espressif/tools/xtensa-esp-elf/esp-14.2.0_20260121/xtensa-esp-elf/bin/../lib/gcc/xtensa-esp-elf/14.2.0/../../../../xtensa-esp-elf/bin/ld: /tmp/ccY65jyb.o:(.literal.startup+0xc): warning: pthread_join is not implemented and will always fail
collect2: error: ld returned 1 exit status
configure:17028: $? = 1
configure: failed program was:
| /* confdefs.h */
| #define PACKAGE_NAME "FreeType"
| #define PACKAGE_TARNAME "freetype"
| #define PACKAGE_VERSION "2.14.3"
| #define PACKAGE_STRING "FreeType 2.14.3"
| #define PACKAGE_BUGREPORT "freetype@nongnu.org"
| #define PACKAGE_URL ""
| #define HAVE_STDIO_H 1
| #define HAVE_STDLIB_H 1
| #define HAVE_STRING_H 1
| #define HAVE_INTTYPES_H 1
| #define HAVE_STDINT_H 1
| #define HAVE_STRINGS_H 1
| #define HAVE_SYS_STAT_H 1
| #define HAVE_SYS_TYPES_H 1
| #define HAVE_UNISTD_H 1
| #define HAVE_SYS_PARAM_H 1
| #define STDC_HEADERS 1
| #define LT_OBJDIR ".libs/"
| #define HAVE_FCNTL_H 1
| #define HAVE_UNISTD_H 1
| /* end confdefs.h.  */
| #include <pthread.h>
| #                       if 0
| #                        error "-- must be defined"
| #                       endif
|                         static void *some_global = NULL;
|                         static void routine(void *a)
|                           {
|                              /* To avoid any unused-parameter or
|                                 unused-but-set-parameter warning.  */
|                              some_global = a;
|                           }
|                         static void *start_routine(void *a) { return a; }
| int
| main (void)
| {
| pthread_t th; pthread_attr_t attr;
|                         pthread_create(&th, 0, start_routine, 0);
|                         pthread_join(th, 0);
|                         pthread_attr_init(&attr);
|                         pthread_cleanup_push(routine, 0);
|                         pthread_cleanup_pop(0) /* ; */
|   ;
|   return 0;
| }
configure:17038: result: no
configure:16909: checking whether pthreads work without any flags
configure:17028: xtensa-esp32-elf-gcc -o conftest -mlongcalls -O2 -fvisibility=hidden -DHAVE_FSSPEC=0 -DHAVE_FSREF=0 -DHAVE_QUICKDRAW_TOOLBOX=0 -DHAVE_QUICKDRAW_CARBON=0 -DHAVE_ATS=0 -I$(TOP_DIR)/builds/mac/    conftest.c   >&5
/home/turgu1/.espressif/tools/xtensa-esp-elf/esp-14.2.0_20260121/xtensa-esp-elf/bin/../lib/gcc/xtensa-esp-elf/14.2.0/../../../../xtensa-esp-elf/bin/ld: /tmp/cc8UKPfh.o:(.literal.startup+0x18): warning: _pthread_cleanup_pop is not implemented and will always fail
/home/turgu1/.espressif/tools/xtensa-esp-elf/esp-14.2.0_20260121/xtensa-esp-elf/bin/../lib/gcc/xtensa-esp-elf/14.2.0/../../../../xtensa-esp-elf/bin/ld: /tmp/cc8UKPfh.o:(.literal.startup+0x14): warning: _pthread_cleanup_push is not implemented and will always fail
/home/turgu1/.espressif/tools/xtensa-esp-elf/esp-14.2.0_20260121/xtensa-esp-elf/bin/../lib/gcc/xtensa-esp-elf/14.2.0/../../../../xtensa-esp-elf/bin/ld: /tmp/cc8UKPfh.o:(.literal.startup+0x10): warning: pthread_attr_init is not implemented and will always fail
/home/turgu1/.espressif/tools/xtensa-esp-elf/esp-14.2.0_20260121/xtensa-esp-elf/bin/../lib/gcc/xtensa-esp-elf/14.2.0/../../../../xtensa-esp-elf/bin/ld: /tmp/cc8UKPfh.o:(.literal.startup+0x8): warning: pthread_create is not implemented and will always fail
/home/turgu1/.espressif/tools/xtensa-esp-elf/esp-14.2.0_20260121/xtensa-esp-elf/bin/../lib/gcc/xtensa-esp-elf/14.2.0/../../../../xtensa-esp-elf/bin/ld: /tmp/cc8UKPfh.o:(.literal.startup+0xc): warning: pthread_join is not implemented and will always fail
configure:17028: $? = 0
configure:17038: result: yes
configure:17162: checking for joinable pthread attribute
configure:17181: xtensa-esp32-elf-gcc -o conftest -mlongcalls -O2 -fvisibility=hidden -DHAVE_FSSPEC=0 -DHAVE_FSREF=0 -DHAVE_QUICKDRAW_TOOLBOX=0 -DHAVE_QUICKDRAW_CARBON=0 -DHAVE_ATS=0 -I$(TOP_DIR)/builds/mac/    conftest.c   >&5
configure:17181: $? = 0
configure:17191: result: PTHREAD_CREATE_JOINABLE
configure:17204: checking whether more special flags are required for pthreads
configure:17219: result: no
configure:17228: checking for PTHREAD_PRIO_INHERIT
configure:17246: xtensa-esp32-elf-gcc -o conftest -mlongcalls -O2 -fvisibility=hidden -DHAVE_FSSPEC=0 -DHAVE_FSREF=0 -DHAVE_QUICKDRAW_TOOLBOX=0 -DHAVE_QUICKDRAW_CARBON=0 -DHAVE_ATS=0 -I$(TOP_DIR)/builds/mac/    conftest.c   >&5
conftest.c: In function 'main':
conftest.c:27:9: error: 'PTHREAD_PRIO_INHERIT' undeclared (first use in this function); did you mean 'PTHREAD_ONCE_INIT'?
   27 | int i = PTHREAD_PRIO_INHERIT;
      |         ^~~~~~~~~~~~~~~~~~~~
      |         PTHREAD_ONCE_INIT
conftest.c:27:9: note: each undeclared identifier is reported only once for each function it appears in
configure:17246: $? = 1
configure: failed program was:
| /* confdefs.h */
| #define PACKAGE_NAME "FreeType"
| #define PACKAGE_TARNAME "freetype"
| #define PACKAGE_VERSION "2.14.3"
| #define PACKAGE_STRING "FreeType 2.14.3"
| #define PACKAGE_BUGREPORT "freetype@nongnu.org"
| #define PACKAGE_URL ""
| #define HAVE_STDIO_H 1
| #define HAVE_STDLIB_H 1
| #define HAVE_STRING_H 1
| #define HAVE_INTTYPES_H 1
| #define HAVE_STDINT_H 1
| #define HAVE_STRINGS_H 1
| #define HAVE_SYS_STAT_H 1
| #define HAVE_SYS_TYPES_H 1
| #define HAVE_UNISTD_H 1
| #define HAVE_SYS_PARAM_H 1
| #define STDC_HEADERS 1
| #define LT_OBJDIR ".libs/"
| #define HAVE_FCNTL_H 1
| #define HAVE_UNISTD_H 1
| /* end confdefs.h.  */
| #include <pthread.h>
| int
| main (void)
| {
| int i = PTHREAD_PRIO_INHERIT;
|                                                return i;
|   ;
|   return 0;
| }
configure:17258: result: no
configure:17444: checking for python3
configure:17477: result: /home/turgu1/.espressif/tools/python/v5.5.4/venv/bin/python
configure:17499: checking for python version
configure:17504: result: 3.14.4
configure:17565: checking for `docwriter' Python module
configure:17573: result: no
configure:17861: creating ./config.status

## ---------------------- ##
## Running config.status. ##
## ---------------------- ##

This file was extended by FreeType config.status 2.14.3, which was
generated by GNU Autoconf 2.72.  Invocation command line was

  CONFIG_FILES    = 
  CONFIG_HEADERS  = 
  CONFIG_LINKS    = 
  CONFIG_COMMANDS = 
  $ ./config.status 

on phobos

config.status:1145: creating ftoption.h
config.status:1145: creating unix-cc.mk
config.status:1145: creating unix-def.mk
config.status:1145: creating ftconfig.h
config.status:1326: ftconfig.h is unchanged
config.status:1340: executing libtool commands
configure:20106:

Library configuration:
  external zlib: no
  bzip2:         no
  libpng:        no
  harfbuzz:      no
  brotli:        no
  pthread:       yes

configure:20130: WARNING:
  `make refdoc' will fail since pip package `docwriter' is not installed.
  To install, run `/home/turgu1/.espressif/tools/python/v5.5.4/venv/bin/python -m pip install docwriter', or to use a Python
  virtual environment, run `make refdoc-venv' (requires pip package
  `virtualenv').  These operations require Python >= 3.5.
  

## ---------------- ##
## Cache variables. ##
## ---------------- ##

ac_cv_build=x86_64-pc-linux-gnu
ac_cv_c_compiler_gnu=yes
ac_cv_c_const=yes
ac_cv_env_BROTLI_CFLAGS_set=
ac_cv_env_BROTLI_CFLAGS_value=
ac_cv_env_BROTLI_LIBS_set=
ac_cv_env_BROTLI_LIBS_value=
ac_cv_env_BZIP2_CFLAGS_set=
ac_cv_env_BZIP2_CFLAGS_value=
ac_cv_env_BZIP2_LIBS_set=
ac_cv_env_BZIP2_LIBS_value=
ac_cv_env_CC_set=
ac_cv_env_CC_value=
ac_cv_env_CFLAGS_set=set
ac_cv_env_CFLAGS_value='-mlongcalls -O2'
ac_cv_env_CPPFLAGS_set=
ac_cv_env_CPPFLAGS_value=
ac_cv_env_CPP_set=
ac_cv_env_CPP_value=
ac_cv_env_HARFBUZZ_CFLAGS_set=
ac_cv_env_HARFBUZZ_CFLAGS_value=
ac_cv_env_HARFBUZZ_LIBS_set=
ac_cv_env_HARFBUZZ_LIBS_value=
ac_cv_env_LDFLAGS_set=
ac_cv_env_LDFLAGS_value=
ac_cv_env_LIBPNG_CFLAGS_set=
ac_cv_env_LIBPNG_CFLAGS_value=
ac_cv_env_LIBPNG_LIBS_set=
ac_cv_env_LIBPNG_LIBS_value=
ac_cv_env_LIBRSVG_CFLAGS_set=
ac_cv_env_LIBRSVG_CFLAGS_value=
ac_cv_env_LIBRSVG_LIBS_set=
ac_cv_env_LIBRSVG_LIBS_value=
ac_cv_env_LIBS_set=
ac_cv_env_LIBS_value=
ac_cv_env_LT_SYS_LIBRARY_PATH_set=
ac_cv_env_LT_SYS_LIBRARY_PATH_value=
ac_cv_env_PKG_CONFIG_LIBDIR_set=
ac_cv_env_PKG_CONFIG_LIBDIR_value=
ac_cv_env_PKG_CONFIG_PATH_set=
ac_cv_env_PKG_CONFIG_PATH_value=
ac_cv_env_PKG_CONFIG_set=
ac_cv_env_PKG_CONFIG_value=
ac_cv_env_ZLIB_CFLAGS_set=
ac_cv_env_ZLIB_CFLAGS_value=
ac_cv_env_ZLIB_LIBS_set=
ac_cv_env_ZLIB_LIBS_value=
ac_cv_env_build_alias_set=
ac_cv_env_build_alias_value=
ac_cv_env_host_alias_set=set
ac_cv_env_host_alias_value=xtensa-esp32-elf
ac_cv_env_target_alias_set=
ac_cv_env_target_alias_value=
ac_cv_func_getpagesize=no
ac_cv_func_mmap_fixed_mapped=no
ac_cv_header_dlfcn_h=no
ac_cv_header_fcntl_h=yes
ac_cv_header_inttypes_h=yes
ac_cv_header_stdint_h=yes
ac_cv_header_stdio_h=yes
ac_cv_header_stdlib_h=yes
ac_cv_header_string_h=yes
ac_cv_header_strings_h=yes
ac_cv_header_sys_param_h=yes
ac_cv_header_sys_stat_h=yes
ac_cv_header_sys_types_h=yes
ac_cv_header_unistd_h=yes
ac_cv_header_windows_h=no
ac_cv_host=xtensa-esp32-elf
ac_cv_objext=o
ac_cv_path_EGREP='/usr/bin/grep -E'
ac_cv_path_EGREP_TRADITIONAL='/usr/bin/grep -E'
ac_cv_path_FGREP='/usr/bin/grep -F'
ac_cv_path_GREP=/usr/bin/grep
ac_cv_path_SED=/usr/bin/sed
ac_cv_path_ac_pt_PKG_CONFIG=/usr/bin/pkg-config
ac_cv_path_install='/usr/bin/install -c'
ac_cv_path_lt_DD=/usr/bin/dd
ac_cv_path_mkdir=/usr/bin/mkdir
ac_cv_prog_AR=xtensa-esp32-elf-ar
ac_cv_prog_AWK=gawk
ac_cv_prog_CC=xtensa-esp32-elf-gcc
ac_cv_prog_CC_BUILD=gcc
ac_cv_prog_CPP='xtensa-esp32-elf-gcc -E'
ac_cv_prog_FILECMD=file
ac_cv_prog_OBJDUMP=xtensa-esp32-elf-objdump
ac_cv_prog_PYTHON=/home/turgu1/.espressif/tools/python/v5.5.4/venv/bin/python
ac_cv_prog_RANLIB=xtensa-esp32-elf-ranlib
ac_cv_prog_STRIP=xtensa-esp32-elf-strip
ac_cv_prog_cc_c11=
ac_cv_prog_cc_g=yes
ac_cv_prog_cc_stdc=
ac_cv_search_clock_gettime='none required'
ac_cv_sys_largefile_opts='support not detected'
ac_cv_target=xtensa-esp32-elf
ax_cv_PTHREAD_CLANG=no
ax_cv_PTHREAD_JOINABLE_ATTR=PTHREAD_CREATE_JOINABLE
ax_cv_PTHREAD_PRIO_INHERIT=no
ax_cv_PTHREAD_SPECIAL_FLAGS=no
lt_cv_ar_at_file=@
lt_cv_deplibs_check_method=unknown
lt_cv_file_magic_cmd='$MAGIC_CMD'
lt_cv_file_magic_test_file=
lt_cv_ld_reload_flag=-r
lt_cv_nm_interface='BSD nm'
lt_cv_objdir=.libs
lt_cv_path_LD=/home/turgu1/.espressif/tools/xtensa-esp-elf/esp-14.2.0_20260121/xtensa-esp-elf/xtensa-esp-elf/bin/ld
lt_cv_path_NM='/home/turgu1/.espressif/tools/xtensa-esp-elf/esp-14.2.0_20260121/xtensa-esp-elf/bin/xtensa-esp32-elf-nm -B'
lt_cv_path_manifest_tool=no
lt_cv_prog_compiler_c_o=yes
lt_cv_prog_compiler_pic='-fPIC -DPIC'
lt_cv_prog_compiler_pic_works=yes
lt_cv_prog_compiler_rtti_exceptions=no
lt_cv_prog_compiler_static_works=yes
lt_cv_prog_gnu_ld=yes
lt_cv_sharedlib_from_linklib_cmd='printf %s\n'
lt_cv_sys_global_symbol_pipe='/usr/bin/sed -n -e '\''s/^.*[	 ]\([ABCDGIRSTW][ABCDGIRSTW]*\)[	 ][	 ]*\([_A-Za-z][_A-Za-z0-9]*\)$/\1 \2 \2/p'\'' | /usr/bin/sed '\''/ __gnu_lto/d'\'''
lt_cv_sys_global_symbol_to_c_name_address='/usr/bin/sed -n -e '\''s/^: \(.*\) .*$/  {"\1", (void *) 0},/p'\'' -e '\''s/^[ABCDGIRSTW][ABCDGIRSTW]* .* \(.*\)$/  {"\1", (void *) \&\1},/p'\'''
lt_cv_sys_global_symbol_to_c_name_address_lib_prefix='/usr/bin/sed -n -e '\''s/^: \(.*\) .*$/  {"\1", (void *) 0},/p'\'' -e '\''s/^[ABCDGIRSTW][ABCDGIRSTW]* .* \(lib.*\)$/  {"\1", (void *) \&\1},/p'\'' -e '\''s/^[ABCDGIRSTW][ABCDGIRSTW]* .* \(.*\)$/  {"lib\1", (void *) \&\1},/p'\'''
lt_cv_sys_global_symbol_to_cdecl='/usr/bin/sed -n -e '\''s/^T .* \(.*\)$/extern int \1();/p'\'' -e '\''s/^[ABCDGIRSTW][ABCDGIRSTW]* .* \(.*\)$/extern char \1;/p'\'''
lt_cv_sys_global_symbol_to_import=
lt_cv_sys_max_cmd_len=1572864
lt_cv_to_host_file_cmd=func_convert_file_noop
lt_cv_to_tool_file_cmd=func_convert_file_noop
lt_cv_truncate_bin='/usr/bin/dd bs=4096 count=1'

## ----------------- ##
## Output variables. ##
## ----------------- ##

AR='xtensa-esp32-elf-ar'
AS='as'
AWK='gawk'
BROTLI_CFLAGS=''
BROTLI_LIBS=''
BZIP2_CFLAGS=''
BZIP2_LIBS=''
CC='xtensa-esp32-elf-gcc'
CC_BUILD='gcc'
CFLAGS='-mlongcalls -O2 -fvisibility=hidden -DHAVE_FSSPEC=0 -DHAVE_FSREF=0 -DHAVE_QUICKDRAW_TOOLBOX=0 -DHAVE_QUICKDRAW_CARBON=0 -DHAVE_ATS=0 -I$(TOP_DIR)/builds/mac/ '
CFLAGS_BUILD=''
CPP='xtensa-esp32-elf-gcc -E'
CPPFLAGS=''
DEFS='-DHAVE_CONFIG_H'
DLLTOOL='false'
DSYMUTIL=''
DUMPBIN=''
ECHO_C=''
ECHO_N='-n'
ECHO_T=''
EGREP='/usr/bin/grep -E'
EXEEXT=''
EXEEXT_BUILD=''
FGREP='/usr/bin/grep -F'
FILECMD='file'
FTSYS_SRC='$(BASE_DIR)/ftsystem.c'
FT_DEMO_CFLAGS=''
FT_DEMO_LDFLAGS=''
GREP='/usr/bin/grep'
HARFBUZZ_CFLAGS=''
HARFBUZZ_LIBS=''
INSTALL_DATA='${INSTALL} -m 644'
INSTALL_FT2_CONFIG='FALSE'
INSTALL_PROGRAM='${INSTALL}'
INSTALL_SCRIPT='${INSTALL}'
LD='/home/turgu1/.espressif/tools/xtensa-esp-elf/esp-14.2.0_20260121/xtensa-esp-elf/xtensa-esp-elf/bin/ld'
LDFLAGS='  '
LDFLAGS_BUILD=''
LIBOBJS=''
LIBPNG_CFLAGS=''
LIBPNG_LIBS=''
LIBRSVG_CFLAGS=''
LIBRSVG_LIBS=''
LIBS=''
LIBSSTATIC_CONFIG='-lfreetype'
LIBTOOL='$(SHELL) $(top_builddir)/libtool'
LIPO=''
LN_S='ln -s'
LTLIBOBJS=''
LT_SYS_LIBRARY_PATH=''
MANIFEST_TOOL=':'
MKDIR_P='/usr/bin/mkdir -p'
NM='/home/turgu1/.espressif/tools/xtensa-esp-elf/esp-14.2.0_20260121/xtensa-esp-elf/bin/xtensa-esp32-elf-nm -B'
NMEDIT=''
OBJDUMP='xtensa-esp32-elf-objdump'
OBJEXT='o'
OTOOL64=''
OTOOL=''
PACKAGE_BUGREPORT='freetype@nongnu.org'
PACKAGE_NAME='FreeType'
PACKAGE_STRING='FreeType 2.14.3'
PACKAGE_TARNAME='freetype'
PACKAGE_URL=''
PACKAGE_VERSION='2.14.3'
PATH_SEPARATOR=':'
PKGCONFIG_LIBS='-L${libdir} -lfreetype '
PKGCONFIG_LIBS_PRIVATE=''
PKGCONFIG_REQUIRES=' '
PKGCONFIG_REQUIRES_PRIVATE=''
PKG_CONFIG='/usr/bin/pkg-config'
PKG_CONFIG_LIBDIR=''
PKG_CONFIG_PATH=''
PTHREAD_CC='xtensa-esp32-elf-gcc'
PTHREAD_CFLAGS=''
PTHREAD_CXX=''
PTHREAD_LIBS=''
PYTHON='/home/turgu1/.espressif/tools/python/v5.5.4/venv/bin/python'
PYTHON_VERSION='3.14.4'
RANLIB='xtensa-esp32-elf-ranlib'
RC=''
SED='/usr/bin/sed'
SHELL='/bin/sh'
STRIP='xtensa-esp32-elf-strip'
SYSTEM_ZLIB=''
XX_ANSIFLAGS=' -pedantic -std=c99'
XX_CFLAGS='-Wall'
ZLIB_CFLAGS=''
ZLIB_LIBS=''
ac_ct_AR=''
ac_ct_CC=''
ac_ct_DUMPBIN=''
ax_pthread_config=''
bindir='${exec_prefix}/bin'
build='x86_64-pc-linux-gnu'
build_alias=''
build_cpu='x86_64'
build_libtool_libs=''
build_os='linux-gnu'
build_vendor='pc'
datadir='${datarootdir}'
datarootdir='${prefix}/share'
docdir='${datarootdir}/doc/${PACKAGE_TARNAME}'
dvidir='${docdir}'
exec_prefix='${prefix}'
ft_version='26.6.20'
ftmac_c=''
hardcode_libdir_flag_spec='$wl-rpath $wl$libdir'
have_libpng='no'
host='xtensa-esp32-elf'
host_alias='xtensa-esp32-elf'
host_cpu='xtensa'
host_os='elf'
host_vendor='esp32'
htmldir='${docdir}'
includedir='${prefix}/include'
infodir='${datarootdir}/info'
libdir='${exec_prefix}/lib'
libexecdir='${exec_prefix}/libexec'
localedir='${datarootdir}/locale'
localstatedir='${prefix}/var'
mandir='${datarootdir}/man'
oldincludedir='/usr/include'
pdfdir='${docdir}'
prefix='/home/turgu1/Dev/EPub-InkPlate/freetype-distrib/freetype-2.14.3/../../components/freetype'
program_transform_name='s,x,x,'
psdir='${docdir}'
runstatedir='${localstatedir}/run'
sbindir='${exec_prefix}/sbin'
sharedstatedir='${prefix}/com'
sysconfdir='${prefix}/etc'
target='xtensa-esp32-elf'
target_alias=''
target_cpu='xtensa'
target_os='elf'
target_vendor='esp32'
version_info='26:6:20'
wl='-Wl,'

## ----------- ##
## confdefs.h. ##
## ----------- ##

/* confdefs.h */
#define PACKAGE_NAME "FreeType"
#define PACKAGE_TARNAME "freetype"
#define PACKAGE_VERSION "2.14.3"
#define PACKAGE_STRING "FreeType 2.14.3"
#define PACKAGE_BUGREPORT "freetype@nongnu.org"
#define PACKAGE_URL ""
#define HAVE_STDIO_H 1
#define HAVE_STDLIB_H 1
#define HAVE_STRING_H 1
#define HAVE_INTTYPES_H 1
#define HAVE_STDINT_H 1
#define HAVE_STRINGS_H 1
#define HAVE_SYS_STAT_H 1
#define HAVE_SYS_TYPES_H 1
#define HAVE_UNISTD_H 1
#define HAVE_SYS_PARAM_H 1
#define STDC_HEADERS 1
#define LT_OBJDIR ".libs/"
#define HAVE_FCNTL_H 1
#define HAVE_UNISTD_H 1

configure: exit 0
